[2022-08-16 16:58:21] [ INFO ] [MedicamentoDaoH2:19] Registrando un pedido de nuevoMedicamento:id=null, nombre='Ibuprofeno, laboratorio='Lab123, cantidad=5, precio=400.0
[2022-08-16 16:58:21] [ INFO ] [MedicamentoDaoH2:39] El medicamento se registró con éxito:Medicamento:id=1, nombre='Ibuprofeno, laboratorio='Lab123, cantidad=5, precio=400.0
[2022-08-16 17:02:25] [ INFO ] [MedicamentoDaoH2:19] Registrando un pedido de nuevoMedicamento:id=null, nombre='Ibuprofeno, laboratorio='Lab123, cantidad=5, precio=400.0
[2022-08-16 17:02:25] [ INFO ] [MedicamentoDaoH2:39] El medicamento se registró con éxito:Medicamento:id=1, nombre='Ibuprofeno, laboratorio='Lab123, cantidad=5, precio=400.0
[2022-08-16 19:09:42] [ INFO ] [PacienteDAOH2:111] Registrando un pedido de nuevomesas.modelo.Paciente@7e4204e2
[2022-08-16 19:09:42] [ INFO ] [PacienteDAOH2:132] El medicamento se registró con éxito:mesas.modelo.Paciente@7e4204e2
[2022-08-16 19:11:54] [ INFO ] [PacienteDAOH2:111] Registrando un pedido de nuevomesas.modelo.Paciente@29a0cdb
[2022-08-16 19:11:54] [ INFO ] [PacienteDAOH2:132] El medicamento se registró con éxito:mesas.modelo.Paciente@29a0cdb
[2022-08-16 19:12:38] [ INFO ] [PacienteDAOH2:111] Registrando un pedido de nuevomesas.modelo.Paciente@1b955cac
[2022-08-16 19:12:38] [ INFO ] [PacienteDAOH2:132] El medicamento se registró con éxito:mesas.modelo.Paciente@1b955cac
[2022-08-16 19:13:26] [ INFO ] [PacienteDAOH2:111] Registrando un pedido de nuevomesas.modelo.Paciente@1b955cac
[2022-08-16 19:13:26] [ INFO ] [PacienteDAOH2:132] El medicamento se registró con éxito:mesas.modelo.Paciente@1b955cac
[2022-08-16 19:19:59] [ INFO ] [PacienteDAOH2:111] Registrando un pedido de nuevomesas.modelo.Paciente@21fd5faa
[2022-08-16 19:20:00] [ INFO ] [PacienteDAOH2:132] El medicamento se registró con éxito:mesas.modelo.Paciente@21fd5faa
[2022-08-16 19:23:42] [ INFO ] [PacienteDAOH2:110] Registrando un pedido de nuevomesas.modelo.Paciente@32a68f4f
[2022-08-16 19:23:42] [ INFO ] [PacienteDAOH2:131] El paciente se registró con éxito:mesas.modelo.Paciente@32a68f4f
[2022-08-16 19:29:27] [ INFO ] [PacienteDAOH2:110] Registrando un pedido de nuevomesas.modelo.Paciente@73194df
[2022-08-16 19:29:27] [ INFO ] [PacienteDAOH2:131] El paciente se registró con éxito:mesas.modelo.Paciente@73194df
[2022-08-16 19:30:38] [ INFO ] [PacienteDAOH2:86] Se modifico la informacion del paciente con id:null
[2022-08-16 19:30:38] [ INFO ] [PacienteDAOH2:103] Se ha modificado la informacion del paciente, su nueva información es:mesas.modelo.Paciente@7ca20101
[2022-08-16 19:30:38] [ INFO ] [PacienteDAOH2:110] Registrando un pedido de nuevomesas.modelo.Paciente@134d26af
[2022-08-16 19:30:38] [ INFO ] [PacienteDAOH2:131] El paciente se registró con éxito:mesas.modelo.Paciente@134d26af
[2022-08-16 19:30:38] [ INFO ] [PacienteDAOH2:58] Borrando al paciente con id:1
[2022-08-16 19:30:38] [ INFO ] [PacienteDAOH2:110] Registrando un pedido de nuevomesas.modelo.Paciente@2b4c1d96
[2022-08-16 19:30:38] [ INFO ] [PacienteDAOH2:131] El paciente se registró con éxito:mesas.modelo.Paciente@2b4c1d96
[2022-08-16 19:31:14] [ INFO ] [PacienteDAOH2:86] Se modifico la informacion del paciente con id:null
[2022-08-16 19:31:14] [ INFO ] [PacienteDAOH2:103] Se ha modificado la informacion del paciente, su nueva información es:mesas.modelo.Paciente@2ea6e30c
[2022-08-16 19:31:14] [ INFO ] [PacienteDAOH2:110] Registrando un pedido de nuevomesas.modelo.Paciente@66ac5762
[2022-08-16 19:31:14] [ INFO ] [PacienteDAOH2:131] El paciente se registró con éxito:mesas.modelo.Paciente@66ac5762
[2022-08-16 19:31:14] [ INFO ] [PacienteDAOH2:110] Registrando un pedido de nuevomesas.modelo.Paciente@6aa3a905
[2022-08-16 19:31:14] [ INFO ] [PacienteDAOH2:131] El paciente se registró con éxito:mesas.modelo.Paciente@6aa3a905
[2022-08-16 19:31:14] [ INFO ] [PacienteDAOH2:58] Borrando al paciente con id:1
[2022-08-16 19:31:14] [ INFO ] [PacienteDAOH2:110] Registrando un pedido de nuevomesas.modelo.Paciente@126945f9
[2022-08-16 19:31:14] [ INFO ] [PacienteDAOH2:131] El paciente se registró con éxito:mesas.modelo.Paciente@126945f9
[2022-08-16 19:32:21] [ INFO ] [PacienteDAOH2:86] Se modifico la informacion del paciente con id:null
[2022-08-16 19:32:21] [ INFO ] [PacienteDAOH2:103] Se ha modificado la informacion del paciente, su nueva información es:mesas.modelo.Paciente@24111ef1
[2022-08-16 19:32:21] [ INFO ] [PacienteDAOH2:110] Registrando un pedido de nuevomesas.modelo.Paciente@4748a0f9
[2022-08-16 19:32:21] [ INFO ] [PacienteDAOH2:131] El paciente se registró con éxito:mesas.modelo.Paciente@4748a0f9
[2022-08-16 19:32:21] [ INFO ] [PacienteDAOH2:110] Registrando un pedido de nuevomesas.modelo.Paciente@7241a47d
[2022-08-16 19:32:21] [ INFO ] [PacienteDAOH2:131] El paciente se registró con éxito:mesas.modelo.Paciente@7241a47d
[2022-08-16 19:32:21] [ INFO ] [PacienteDAOH2:58] Borrando al paciente con id:1
[2022-08-16 19:32:21] [ INFO ] [PacienteDAOH2:110] Registrando un pedido de nuevomesas.modelo.Paciente@530712d
[2022-08-16 19:32:21] [ INFO ] [PacienteDAOH2:131] El paciente se registró con éxito:mesas.modelo.Paciente@530712d
[2022-08-16 19:32:58] [ INFO ] [PacienteDAOH2:110] Registrando un pedido de nuevomesas.modelo.Paciente@1b955cac
[2022-08-16 19:32:58] [ INFO ] [PacienteDAOH2:131] El paciente se registró con éxito:mesas.modelo.Paciente@1b955cac
[2022-08-18 11:56:42] [ INFO ] [PacienteDAOH2:103] Registrando un pedido de nuevoPaciente{ID=null, Nombre='Juan Pablo', Apellido='Perez', DNI=61274487, FechaIngreso=4040, Domicilio='Necochea'}
[2022-08-18 11:56:42] [ INFO ] [PacienteDAOH2:123] El paciente se registró con éxito:Paciente{ID=1, Nombre='Juan Pablo', Apellido='Perez', DNI=61274487, FechaIngreso=4040, Domicilio='Necochea'}
[2022-08-18 12:59:09] [ INFO ] [PacienteDAOH2:31] Registrando un pedido de nuevoPaciente{ID=null, Nombre='Juan Pablo', Apellido='Perez', DNI=61274487, FechaIngreso=4040, Domicilio='Necochea'}
[2022-08-18 12:59:09] [ INFO ] [PacienteDAOH2:51] El paciente se registró con éxito:Paciente{ID=1, Nombre='Juan Pablo', Apellido='Perez', DNI=61274487, FechaIngreso=4040, Domicilio='Necochea'}
[2022-08-18 13:18:07] [ INFO ] [PacienteDAOH2:31] Registrando un pedido de nuevoPaciente{ID=null, Nombre='Juan Pablo', Apellido='Perez', DNI=61274487, FechaIngreso=4040, Domicilio='Necochea'}
[2022-08-18 13:18:07] [ INFO ] [PacienteDAOH2:51] El paciente se registró con éxito:Paciente{ID=1, Nombre='Juan Pablo', Apellido='Perez', DNI=61274487, FechaIngreso=4040, Domicilio='Necochea'}
[2022-08-18 13:27:01] [ INFO ] [PacienteDAOH2:89] Buscando todos los pacientes
[2022-08-18 13:27:01] [ INFO ] [PacienteDAOH2:114] El paciente se encontró, esta es su información:[]
[2022-08-18 13:27:01] [ INFO ] [PacienteDAOH2:31] Registrando un pedido de nuevoPaciente{ID=null, Nombre='Juan Pablo', Apellido='Perez', DNI=61274487, FechaIngreso=4040, Domicilio='Necochea'}
[2022-08-18 13:27:01] [ INFO ] [PacienteDAOH2:51] El paciente se registró con éxito:Paciente{ID=1, Nombre='Juan Pablo', Apellido='Perez', DNI=61274487, FechaIngreso=4040, Domicilio='Necochea'}
[2022-08-18 13:28:01] [ INFO ] [PacienteDAOH2:89] Buscando todos los pacientes
[2022-08-18 13:28:01] [ INFO ] [PacienteDAOH2:114] El paciente se encontró, esta es su información:[]
[2022-08-18 13:28:01] [ INFO ] [PacienteDAOH2:31] Registrando un pedido de nuevoPaciente{ID=null, Nombre='Juan Pablo', Apellido='Perez', DNI=61274487, FechaIngreso=4040, Domicilio='Necochea'}
[2022-08-18 13:28:01] [ INFO ] [PacienteDAOH2:51] El paciente se registró con éxito:Paciente{ID=1, Nombre='Juan Pablo', Apellido='Perez', DNI=61274487, FechaIngreso=4040, Domicilio='Necochea'}
[2022-08-18 13:31:41] [ INFO ] [PacienteDAOH2:89] Buscando todos los pacientes
[2022-08-18 13:31:41] [ INFO ] [PacienteDAOH2:114] Se encrotaron todos los pacientes: java.util.ArrayList$ListItr@456d6c1e
[2022-08-18 13:31:41] [ INFO ] [PacienteDAOH2:31] Registrando un pedido de nuevoPaciente{ID=null, Nombre='Juan Pablo', Apellido='Perez', DNI=61274487, FechaIngreso=4040, Domicilio='Necochea'}
[2022-08-18 13:31:41] [ INFO ] [PacienteDAOH2:51] El paciente se registró con éxito:Paciente{ID=1, Nombre='Juan Pablo', Apellido='Perez', DNI=61274487, FechaIngreso=4040, Domicilio='Necochea'}
[2022-08-18 13:32:41] [ INFO ] [PacienteDAOH2:89] Buscando todos los pacientes
[2022-08-18 13:32:41] [ INFO ] [PacienteDAOH2:31] Registrando un pedido de nuevoPaciente{ID=null, Nombre='Juan Pablo', Apellido='Perez', DNI=61274487, FechaIngreso=4040, Domicilio='Necochea'}
[2022-08-18 13:32:41] [ INFO ] [PacienteDAOH2:51] El paciente se registró con éxito:Paciente{ID=1, Nombre='Juan Pablo', Apellido='Perez', DNI=61274487, FechaIngreso=4040, Domicilio='Necochea'}
[2022-08-18 13:36:48] [ INFO ] [PacienteDAOH2:89] Buscando todos los pacientes
[2022-08-18 13:36:48] [ INFO ] [PacienteDAOH2:31] Registrando un pedido de nuevoPaciente{ID=null, Nombre='Juan Pablo', Apellido='Perez', DNI=61274487, FechaIngreso=4040, Domicilio='Necochea'}
[2022-08-18 13:36:48] [ INFO ] [PacienteDAOH2:51] El paciente se registró con éxito:Paciente{ID=1, Nombre='Juan Pablo', Apellido='Perez', DNI=61274487, FechaIngreso=4040, Domicilio='Necochea'}
[2022-08-18 13:41:48] [ INFO ] [PacienteDAOH2:57] Buscando al paciente con id:null
[2022-08-18 13:41:48] [ INFO ] [PacienteDAOH2:89] Buscando todos los pacientes
[2022-08-18 13:41:48] [ INFO ] [PacienteDAOH2:110] Se encotraron todos los pacientes: Juan Pablo
[2022-08-18 13:41:48] [ INFO ] [PacienteDAOH2:31] Registrando un pedido de nuevoPaciente{ID=null, Nombre='Juan Pablo', Apellido='Perez', DNI=61274487, FechaIngreso=4040, Domicilio='Necochea'}
[2022-08-18 13:41:48] [ INFO ] [PacienteDAOH2:51] El paciente se registró con éxito:Paciente{ID=1, Nombre='Juan Pablo', Apellido='Perez', DNI=61274487, FechaIngreso=4040, Domicilio='Necochea'}
[2022-08-18 13:42:34] [ INFO ] [PacienteDAOH2:57] Buscando al paciente con id:1
[2022-08-18 13:42:34] [ INFO ] [PacienteDAOH2:82] El paciente se encontró, esta es su información:Paciente{ID=1, Nombre='Juan Pablo', Apellido='Perez', DNI=61274487, FechaIngreso=4040, Domicilio='Necochea'}
[2022-08-18 13:42:34] [ INFO ] [PacienteDAOH2:89] Buscando todos los pacientes
[2022-08-18 13:42:34] [ INFO ] [PacienteDAOH2:110] Se encotraron todos los pacientes: Juan Pablo
[2022-08-18 13:42:34] [ INFO ] [PacienteDAOH2:31] Registrando un pedido de nuevoPaciente{ID=null, Nombre='Juan Pablo', Apellido='Perez', DNI=61274487, FechaIngreso=4040, Domicilio='Necochea'}
[2022-08-18 13:42:34] [ INFO ] [PacienteDAOH2:51] El paciente se registró con éxito:Paciente{ID=1, Nombre='Juan Pablo', Apellido='Perez', DNI=61274487, FechaIngreso=4040, Domicilio='Necochea'}
[2022-08-18 13:42:45] [ INFO ] [PacienteDAOH2:57] Buscando al paciente con id:1
[2022-08-18 13:42:46] [ INFO ] [PacienteDAOH2:82] El paciente se encontró, esta es su información:Paciente{ID=1, Nombre='Juan Pablo', Apellido='Perez', DNI=61274487, FechaIngreso=4040, Domicilio='Necochea'}
[2022-08-18 13:42:46] [ INFO ] [PacienteDAOH2:89] Buscando todos los pacientes
[2022-08-18 13:42:46] [ INFO ] [PacienteDAOH2:110] Se encotraron todos los pacientes: Juan Pablo
[2022-08-18 13:42:46] [ INFO ] [PacienteDAOH2:31] Registrando un pedido de nuevoPaciente{ID=null, Nombre='Juan Pablo', Apellido='Perez', DNI=61274487, FechaIngreso=4040, Domicilio='Necochea'}
[2022-08-18 13:42:46] [ INFO ] [PacienteDAOH2:51] El paciente se registró con éxito:Paciente{ID=1, Nombre='Juan Pablo', Apellido='Perez', DNI=61274487, FechaIngreso=4040, Domicilio='Necochea'}
[2022-08-18 13:43:54] [ INFO ] [PacienteDAOH2:57] Buscando al paciente con id:1
[2022-08-18 13:43:54] [ INFO ] [PacienteDAOH2:82] El paciente se encontró, esta es su información:Paciente{ID=1, Nombre='Juan Pablo', Apellido='Perez', DNI=61274487, FechaIngreso=4040, Domicilio='Necochea'}
[2022-08-18 13:43:54] [ INFO ] [PacienteDAOH2:89] Buscando todos los pacientes
[2022-08-18 13:43:54] [ INFO ] [PacienteDAOH2:110] Se encotraron todos los pacientes: Juan Pablo
[2022-08-18 13:43:54] [ INFO ] [PacienteDAOH2:31] Registrando un pedido de nuevoPaciente{ID=null, Nombre='Juan Pablo', Apellido='Perez', DNI=61274487, FechaIngreso=4040, Domicilio='Necochea'}
[2022-08-18 13:43:54] [ INFO ] [PacienteDAOH2:51] El paciente se registró con éxito:Paciente{ID=1, Nombre='Juan Pablo', Apellido='Perez', DNI=61274487, FechaIngreso=4040, Domicilio='Necochea'}
[2022-08-18 13:44:20] [ INFO ] [PacienteDAOH2:57] Buscando al paciente con id:1
[2022-08-18 13:44:20] [ INFO ] [PacienteDAOH2:82] El paciente se encontró, esta es su información:Paciente{ID=1, Nombre='Juan Pablo', Apellido='Perez', DNI=61274487, FechaIngreso=4040, Domicilio='Necochea'}
[2022-08-18 13:44:20] [ INFO ] [PacienteDAOH2:89] Buscando todos los pacientes
[2022-08-18 13:44:20] [ INFO ] [PacienteDAOH2:110] Se encotraron todos los pacientes: Juan Pablo
[2022-08-18 13:44:20] [ INFO ] [PacienteDAOH2:31] Registrando un pedido de nuevoPaciente{ID=null, Nombre='Juan Pablo', Apellido='Perez', DNI=61274487, FechaIngreso=4040, Domicilio='Necochea'}
[2022-08-18 13:44:20] [ INFO ] [PacienteDAOH2:51] El paciente se registró con éxito:Paciente{ID=1, Nombre='Juan Pablo', Apellido='Perez', DNI=61274487, FechaIngreso=4040, Domicilio='Necochea'}
[2022-08-18 13:45:17] [ INFO ] [PacienteDAOH2:57] Buscando al paciente con id:1
[2022-08-18 13:45:17] [ INFO ] [PacienteDAOH2:82] El paciente se encontró, esta es su información:Paciente{ID=1, Nombre='Juan Pablo', Apellido='Perez', DNI=61274487, FechaIngreso=4040, Domicilio='Necochea'}
[2022-08-18 13:45:17] [ INFO ] [PacienteDAOH2:89] Buscando todos los pacientes
[2022-08-18 13:45:17] [ INFO ] [PacienteDAOH2:110] Se encotraron todos los pacientes: Juan Pablo
[2022-08-18 13:45:17] [ INFO ] [PacienteDAOH2:31] Registrando un pedido de nuevoPaciente{ID=null, Nombre='Juan Pablo', Apellido='Perez', DNI=61274487, FechaIngreso=4040, Domicilio='Necochea'}
[2022-08-18 13:45:17] [ INFO ] [PacienteDAOH2:51] El paciente se registró con éxito:Paciente{ID=1, Nombre='Juan Pablo', Apellido='Perez', DNI=61274487, FechaIngreso=4040, Domicilio='Necochea'}
[2022-08-18 13:46:10] [ INFO ] [PacienteDAOH2:57] Buscando al paciente con id:2
[2022-08-18 13:46:10] [ INFO ] [PacienteDAOH2:89] Buscando todos los pacientes
[2022-08-18 13:46:10] [ INFO ] [PacienteDAOH2:110] Se encotraron todos los pacientes: Juan Pablo
[2022-08-18 13:46:10] [ INFO ] [PacienteDAOH2:31] Registrando un pedido de nuevoPaciente{ID=null, Nombre='Juan Pablo', Apellido='Perez', DNI=61274487, FechaIngreso=4040, Domicilio='Necochea'}
[2022-08-18 13:46:10] [ INFO ] [PacienteDAOH2:51] El paciente se registró con éxito:Paciente{ID=1, Nombre='Juan Pablo', Apellido='Perez', DNI=61274487, FechaIngreso=4040, Domicilio='Necochea'}
[2022-08-18 13:46:10] [ INFO ] [PacienteDAOH2:31] Registrando un pedido de nuevoPaciente{ID=null, Nombre='Juan Martin', Apellido='Perez', DNI=61274487, FechaIngreso=4040, Domicilio='Rada Tilly'}
[2022-08-18 13:46:10] [ INFO ] [PacienteDAOH2:51] El paciente se registró con éxito:Paciente{ID=2, Nombre='Juan Martin', Apellido='Perez', DNI=61274487, FechaIngreso=4040, Domicilio='Rada Tilly'}
[2022-08-18 13:47:37] [ INFO ] [PacienteDAOH2:57] Buscando al paciente con id:2
[2022-08-18 13:47:37] [ INFO ] [PacienteDAOH2:82] El paciente se encontró, esta es su información:Paciente{ID=2, Nombre='Juan Martin', Apellido='Perez', DNI=61274487, FechaIngreso=4040, Domicilio='Rada Tilly'}
[2022-08-18 13:47:37] [ INFO ] [PacienteDAOH2:89] Buscando todos los pacientes
[2022-08-18 13:47:37] [ INFO ] [PacienteDAOH2:110] Se encotraron todos los pacientes: Juan Pablo
[2022-08-18 13:47:37] [ INFO ] [PacienteDAOH2:110] Se encotraron todos los pacientes: Juan Martin
[2022-08-18 13:47:37] [ INFO ] [PacienteDAOH2:31] Registrando un pedido de nuevoPaciente{ID=null, Nombre='Juan Pablo', Apellido='Perez', DNI=61274487, FechaIngreso=4040, Domicilio='Necochea'}
[2022-08-18 13:47:37] [ INFO ] [PacienteDAOH2:51] El paciente se registró con éxito:Paciente{ID=1, Nombre='Juan Pablo', Apellido='Perez', DNI=61274487, FechaIngreso=4040, Domicilio='Necochea'}
[2022-08-18 13:48:12] [ INFO ] [PacienteDAOH2:57] Buscando al paciente con id:2
[2022-08-18 13:48:12] [ INFO ] [PacienteDAOH2:89] Buscando todos los pacientes
[2022-08-18 13:48:12] [ INFO ] [PacienteDAOH2:110] Se encotraron todos los pacientes: Juan Pablo
[2022-08-18 13:48:12] [ INFO ] [PacienteDAOH2:31] Registrando un pedido de nuevoPaciente{ID=null, Nombre='Juan Pablo', Apellido='Perez', DNI=61274487, FechaIngreso=4040, Domicilio='Necochea'}
[2022-08-18 13:48:12] [ INFO ] [PacienteDAOH2:51] El paciente se registró con éxito:Paciente{ID=1, Nombre='Juan Pablo', Apellido='Perez', DNI=61274487, FechaIngreso=4040, Domicilio='Necochea'}
[2022-08-18 13:48:12] [ INFO ] [PacienteDAOH2:31] Registrando un pedido de nuevoPaciente{ID=null, Nombre='Juan Martin', Apellido='Perez', DNI=61274487, FechaIngreso=4040, Domicilio='Rada Tilly'}
[2022-08-18 13:48:12] [ INFO ] [PacienteDAOH2:51] El paciente se registró con éxito:Paciente{ID=2, Nombre='Juan Martin', Apellido='Perez', DNI=61274487, FechaIngreso=4040, Domicilio='Rada Tilly'}
[2022-08-18 13:48:38] [ INFO ] [PacienteDAOH2:57] Buscando al paciente con id:2
[2022-08-18 13:48:38] [ INFO ] [PacienteDAOH2:82] El paciente se encontró, esta es su información:mesas.modelo.Paciente@70e38ce1
[2022-08-18 13:48:38] [ INFO ] [PacienteDAOH2:89] Buscando todos los pacientes
[2022-08-18 13:48:38] [ INFO ] [PacienteDAOH2:110] Se encotraron todos los pacientes: Juan Pablo
[2022-08-18 13:48:38] [ INFO ] [PacienteDAOH2:110] Se encotraron todos los pacientes: Juan Martin
[2022-08-18 13:48:38] [ INFO ] [PacienteDAOH2:31] Registrando un pedido de nuevomesas.modelo.Paciente@7ba8c737
[2022-08-18 13:48:38] [ INFO ] [PacienteDAOH2:51] El paciente se registró con éxito:mesas.modelo.Paciente@7ba8c737
[2022-08-18 13:48:38] [ INFO ] [PacienteDAOH2:31] Registrando un pedido de nuevomesas.modelo.Paciente@2205a05d
[2022-08-18 13:48:39] [ INFO ] [PacienteDAOH2:51] El paciente se registró con éxito:mesas.modelo.Paciente@2205a05d
[2022-08-18 13:50:32] [ INFO ] [PacienteDAOH2:57] Buscando al paciente con id:2
[2022-08-18 13:50:32] [ INFO ] [PacienteDAOH2:82] El paciente se encontró, esta es su información:mesas.modelo.Paciente@13df2a8c
[2022-08-18 13:50:32] [ INFO ] [PacienteDAOH2:89] Buscando todos los pacientes
[2022-08-18 13:50:32] [ INFO ] [PacienteDAOH2:110] Se encotraron todos los pacientes: Juan Pablo
[2022-08-18 13:50:32] [ INFO ] [PacienteDAOH2:110] Se encotraron todos los pacientes: Juan Martin
[2022-08-18 13:50:32] [ INFO ] [PacienteDAOH2:31] Registrando un pedido de nuevomesas.modelo.Paciente@4b2c5e02
[2022-08-18 13:50:32] [ INFO ] [PacienteDAOH2:51] El paciente se registró con éxito:mesas.modelo.Paciente@4b2c5e02
[2022-08-18 13:50:32] [ INFO ] [PacienteDAOH2:31] Registrando un pedido de nuevomesas.modelo.Paciente@14f232c4
[2022-08-18 13:50:32] [ INFO ] [PacienteDAOH2:51] El paciente se registró con éxito:mesas.modelo.Paciente@14f232c4
[2022-08-18 13:50:50] [ INFO ] [PacienteDAOH2:57] Buscando al paciente con id:2
[2022-08-18 13:50:50] [ INFO ] [PacienteDAOH2:82] El paciente se encontró, esta es su información:Paciente{ID=2, Nombre='Juan Martin', Apellido='Perez', DNI=61274487, FechaIngreso=4040, Domicilio='Rada Tilly'}
[2022-08-18 13:50:50] [ INFO ] [PacienteDAOH2:89] Buscando todos los pacientes
[2022-08-18 13:50:50] [ INFO ] [PacienteDAOH2:110] Se encotraron todos los pacientes: Juan Pablo
[2022-08-18 13:50:50] [ INFO ] [PacienteDAOH2:110] Se encotraron todos los pacientes: Juan Martin
[2022-08-18 13:50:50] [ INFO ] [PacienteDAOH2:31] Registrando un pedido de nuevoPaciente{ID=null, Nombre='Juan Pablo', Apellido='Perez', DNI=61274487, FechaIngreso=4040, Domicilio='Necochea'}
[2022-08-18 13:50:50] [ INFO ] [PacienteDAOH2:51] El paciente se registró con éxito:Paciente{ID=1, Nombre='Juan Pablo', Apellido='Perez', DNI=61274487, FechaIngreso=4040, Domicilio='Necochea'}
[2022-08-18 13:50:50] [ INFO ] [PacienteDAOH2:31] Registrando un pedido de nuevoPaciente{ID=null, Nombre='Juan Martin', Apellido='Perez', DNI=61274487, FechaIngreso=4040, Domicilio='Rada Tilly'}
[2022-08-18 13:50:50] [ INFO ] [PacienteDAOH2:51] El paciente se registró con éxito:Paciente{ID=2, Nombre='Juan Martin', Apellido='Perez', DNI=61274487, FechaIngreso=4040, Domicilio='Rada Tilly'}
[2022-08-18 13:54:10] [ INFO ] [PacienteDAOH2:57] Buscando al paciente con id:2
[2022-08-18 13:54:10] [ INFO ] [PacienteDAOH2:82] El paciente se encontró, esta es su información:Paciente{ID=2, Nombre='Juan Martin', Apellido='Perez', DNI=61274487, FechaIngreso=4040, Domicilio='Rada Tilly'}
[2022-08-18 13:54:10] [ INFO ] [PacienteDAOH2:89] Buscando todos los pacientes
[2022-08-18 13:54:10] [ INFO ] [PacienteDAOH2:110] Se encotraron todos los pacientes: Juan Pablo
[2022-08-18 13:54:10] [ INFO ] [PacienteDAOH2:110] Se encotraron todos los pacientes: Juan Martin
[2022-08-18 13:54:10] [ INFO ] [PacienteDAOH2:31] Registrando un pedido de nuevoPaciente{ID=null, Nombre='Juan Pablo', Apellido='Perez', DNI=61274487, FechaIngreso=4040, Domicilio='Necochea'}
[2022-08-18 13:54:10] [ INFO ] [PacienteDAOH2:51] El paciente se registró con éxito:Paciente{ID=1, Nombre='Juan Pablo', Apellido='Perez', DNI=61274487, FechaIngreso=4040, Domicilio='Necochea'}
[2022-08-18 13:54:10] [ INFO ] [PacienteDAOH2:31] Registrando un pedido de nuevoPaciente{ID=null, Nombre='Juan Martin', Apellido='Perez', DNI=61274487, FechaIngreso=4040, Domicilio='Rada Tilly'}
[2022-08-18 13:54:10] [ INFO ] [PacienteDAOH2:51] El paciente se registró con éxito:Paciente{ID=2, Nombre='Juan Martin', Apellido='Perez', DNI=61274487, FechaIngreso=4040, Domicilio='Rada Tilly'}
[2022-08-18 13:56:14] [ INFO ] [PacienteDAOH2:120] Se modifico la informacion del paciente con id:null
[2022-08-18 13:56:14] [ INFO ] [PacienteDAOH2:136] Se ha modificado la informacion del paciente, su nueva información es:Paciente{ID=null, Nombre='Serafin', Apellido='Perez', DNI=61274487, FechaIngreso=4040, Domicilio='Rada Tilly'}
[2022-08-18 13:56:14] [ INFO ] [PacienteDAOH2:57] Buscando al paciente con id:2
[2022-08-18 13:56:14] [ INFO ] [PacienteDAOH2:82] El paciente se encontró, esta es su información:Paciente{ID=2, Nombre='Juan Martin', Apellido='Perez', DNI=61274487, FechaIngreso=4040, Domicilio='Rada Tilly'}
[2022-08-18 13:56:14] [ INFO ] [PacienteDAOH2:89] Buscando todos los pacientes
[2022-08-18 13:56:14] [ INFO ] [PacienteDAOH2:110] Se encotraron todos los pacientes: Juan Pablo
[2022-08-18 13:56:14] [ INFO ] [PacienteDAOH2:110] Se encotraron todos los pacientes: Juan Martin
[2022-08-18 13:56:14] [ INFO ] [PacienteDAOH2:31] Registrando un pedido de nuevoPaciente{ID=null, Nombre='Juan Pablo', Apellido='Perez', DNI=61274487, FechaIngreso=4040, Domicilio='Necochea'}
[2022-08-18 13:56:14] [ INFO ] [PacienteDAOH2:51] El paciente se registró con éxito:Paciente{ID=1, Nombre='Juan Pablo', Apellido='Perez', DNI=61274487, FechaIngreso=4040, Domicilio='Necochea'}
[2022-08-18 13:56:14] [ INFO ] [PacienteDAOH2:31] Registrando un pedido de nuevoPaciente{ID=null, Nombre='Juan Martin', Apellido='Perez', DNI=61274487, FechaIngreso=4040, Domicilio='Rada Tilly'}
[2022-08-18 13:56:14] [ INFO ] [PacienteDAOH2:51] El paciente se registró con éxito:Paciente{ID=2, Nombre='Juan Martin', Apellido='Perez', DNI=61274487, FechaIngreso=4040, Domicilio='Rada Tilly'}
[2022-08-18 13:56:59] [ INFO ] [PacienteDAOH2:120] Se modifico la informacion del paciente con id:null
[2022-08-18 13:56:59] [ INFO ] [PacienteDAOH2:136] Se ha modificado la informacion del paciente, su nueva información es:Paciente{ID=null, Nombre='Serafin', Apellido='Perez', DNI=61274487, FechaIngreso=4040, Domicilio='Rada Tilly'}
[2022-08-18 13:56:59] [ INFO ] [PacienteDAOH2:57] Buscando al paciente con id:2
[2022-08-18 13:56:59] [ INFO ] [PacienteDAOH2:82] El paciente se encontró, esta es su información:Paciente{ID=2, Nombre='Juan Martin', Apellido='Perez', DNI=61274487, FechaIngreso=4040, Domicilio='Rada Tilly'}
[2022-08-18 13:56:59] [ INFO ] [PacienteDAOH2:89] Buscando todos los pacientes
[2022-08-18 13:56:59] [ INFO ] [PacienteDAOH2:110] Se encotraron todos los pacientes: Juan Pablo
[2022-08-18 13:56:59] [ INFO ] [PacienteDAOH2:110] Se encotraron todos los pacientes: Juan Martin
[2022-08-18 13:56:59] [ INFO ] [PacienteDAOH2:31] Registrando un pedido de nuevoPaciente{ID=null, Nombre='Juan Pablo', Apellido='Perez', DNI=61274487, FechaIngreso=4040, Domicilio='Necochea'}
[2022-08-18 13:56:59] [ INFO ] [PacienteDAOH2:51] El paciente se registró con éxito:Paciente{ID=1, Nombre='Juan Pablo', Apellido='Perez', DNI=61274487, FechaIngreso=4040, Domicilio='Necochea'}
[2022-08-18 13:56:59] [ INFO ] [PacienteDAOH2:31] Registrando un pedido de nuevoPaciente{ID=null, Nombre='Juan Martin', Apellido='Perez', DNI=61274487, FechaIngreso=4040, Domicilio='Rada Tilly'}
[2022-08-18 13:56:59] [ INFO ] [PacienteDAOH2:51] El paciente se registró con éxito:Paciente{ID=2, Nombre='Juan Martin', Apellido='Perez', DNI=61274487, FechaIngreso=4040, Domicilio='Rada Tilly'}
[2022-08-18 13:59:41] [ INFO ] [PacienteDAOH2:120] Se modifico la informacion del paciente con id:null
[2022-08-18 13:59:41] [ INFO ] [PacienteDAOH2:136] Se ha modificado la informacion del paciente, su nueva información es:Paciente{ID=null, Nombre='Serafin', Apellido='Quesada', DNI=61274487, FechaIngreso=4040, Domicilio='Rada Tilly'}
[2022-08-18 13:59:41] [ INFO ] [PacienteDAOH2:57] Buscando al paciente con id:2
[2022-08-18 13:59:41] [ INFO ] [PacienteDAOH2:82] El paciente se encontró, esta es su información:Paciente{ID=2, Nombre='Juan Martin', Apellido='Perez', DNI=61274487, FechaIngreso=4040, Domicilio='Rada Tilly'}
[2022-08-18 13:59:41] [ INFO ] [PacienteDAOH2:89] Buscando todos los pacientes
[2022-08-18 13:59:41] [ INFO ] [PacienteDAOH2:110] Se encotraron todos los pacientes: Juan Pablo
[2022-08-18 13:59:41] [ INFO ] [PacienteDAOH2:110] Se encotraron todos los pacientes: Juan Martin
[2022-08-18 13:59:41] [ INFO ] [PacienteDAOH2:31] Registrando un pedido de nuevoPaciente{ID=null, Nombre='Juan Pablo', Apellido='Perez', DNI=61274487, FechaIngreso=4040, Domicilio='Necochea'}
[2022-08-18 13:59:41] [ INFO ] [PacienteDAOH2:51] El paciente se registró con éxito:Paciente{ID=1, Nombre='Juan Pablo', Apellido='Perez', DNI=61274487, FechaIngreso=4040, Domicilio='Necochea'}
[2022-08-18 13:59:41] [ INFO ] [PacienteDAOH2:31] Registrando un pedido de nuevoPaciente{ID=null, Nombre='Juan Martin', Apellido='Perez', DNI=61274487, FechaIngreso=4040, Domicilio='Rada Tilly'}
[2022-08-18 13:59:41] [ INFO ] [PacienteDAOH2:51] El paciente se registró con éxito:Paciente{ID=2, Nombre='Juan Martin', Apellido='Perez', DNI=61274487, FechaIngreso=4040, Domicilio='Rada Tilly'}
[2022-08-18 14:00:58] [ INFO ] [PacienteDAOH2:120] Se modifico la informacion del paciente con id:null
[2022-08-18 14:00:58] [ INFO ] [PacienteDAOH2:136] Se ha modificado la informacion del paciente, su nueva información es:Paciente{ID=null, Nombre='Serafin', Apellido='Quesada', DNI=61274487, FechaIngreso=4040, Domicilio='Rada Tilly'}
[2022-08-18 14:00:58] [ INFO ] [PacienteDAOH2:57] Buscando al paciente con id:2
[2022-08-18 14:00:58] [ INFO ] [PacienteDAOH2:82] El paciente se encontró, esta es su información:Paciente{ID=2, Nombre='Juan Martin', Apellido='Perez', DNI=61274487, FechaIngreso=4040, Domicilio='Rada Tilly'}
[2022-08-18 14:00:58] [ INFO ] [PacienteDAOH2:89] Buscando todos los pacientes
[2022-08-18 14:00:58] [ INFO ] [PacienteDAOH2:110] Se encotraron todos los pacientes: Juan Pablo
[2022-08-18 14:00:58] [ INFO ] [PacienteDAOH2:110] Se encotraron todos los pacientes: Juan Martin
[2022-08-18 14:00:58] [ INFO ] [PacienteDAOH2:31] Registrando un pedido de nuevoPaciente{ID=null, Nombre='Juan Pablo', Apellido='Perez', DNI=61274487, FechaIngreso=4040, Domicilio='Necochea'}
[2022-08-18 14:00:58] [ INFO ] [PacienteDAOH2:51] El paciente se registró con éxito:Paciente{ID=1, Nombre='Juan Pablo', Apellido='Perez', DNI=61274487, FechaIngreso=4040, Domicilio='Necochea'}
[2022-08-18 14:00:58] [ INFO ] [PacienteDAOH2:31] Registrando un pedido de nuevoPaciente{ID=null, Nombre='Juan Martin', Apellido='Perez', DNI=61274487, FechaIngreso=4040, Domicilio='Rada Tilly'}
[2022-08-18 14:00:58] [ INFO ] [PacienteDAOH2:51] El paciente se registró con éxito:Paciente{ID=2, Nombre='Juan Martin', Apellido='Perez', DNI=61274487, FechaIngreso=4040, Domicilio='Rada Tilly'}
[2022-08-18 14:01:40] [ INFO ] [PacienteDAOH2:120] Se modifico la informacion del paciente con id:Paciente{ID=null, Nombre='Serafin', Apellido='Quesada', DNI=61274487, FechaIngreso=4040, Domicilio='Rada Tilly'}
[2022-08-18 14:01:40] [ INFO ] [PacienteDAOH2:136] Se ha modificado la informacion del paciente, su nueva información es:Paciente{ID=null, Nombre='Serafin', Apellido='Quesada', DNI=61274487, FechaIngreso=4040, Domicilio='Rada Tilly'}
[2022-08-18 14:01:40] [ INFO ] [PacienteDAOH2:57] Buscando al paciente con id:2
[2022-08-18 14:01:40] [ INFO ] [PacienteDAOH2:82] El paciente se encontró, esta es su información:Paciente{ID=2, Nombre='Juan Martin', Apellido='Perez', DNI=61274487, FechaIngreso=4040, Domicilio='Rada Tilly'}
[2022-08-18 14:01:40] [ INFO ] [PacienteDAOH2:89] Buscando todos los pacientes
[2022-08-18 14:01:40] [ INFO ] [PacienteDAOH2:110] Se encotraron todos los pacientes: Juan Pablo
[2022-08-18 14:01:40] [ INFO ] [PacienteDAOH2:110] Se encotraron todos los pacientes: Juan Martin
[2022-08-18 14:01:41] [ INFO ] [PacienteDAOH2:31] Registrando un pedido de nuevoPaciente{ID=null, Nombre='Juan Pablo', Apellido='Perez', DNI=61274487, FechaIngreso=4040, Domicilio='Necochea'}
[2022-08-18 14:01:41] [ INFO ] [PacienteDAOH2:51] El paciente se registró con éxito:Paciente{ID=1, Nombre='Juan Pablo', Apellido='Perez', DNI=61274487, FechaIngreso=4040, Domicilio='Necochea'}
[2022-08-18 14:01:41] [ INFO ] [PacienteDAOH2:31] Registrando un pedido de nuevoPaciente{ID=null, Nombre='Juan Martin', Apellido='Perez', DNI=61274487, FechaIngreso=4040, Domicilio='Rada Tilly'}
[2022-08-18 14:01:41] [ INFO ] [PacienteDAOH2:51] El paciente se registró con éxito:Paciente{ID=2, Nombre='Juan Martin', Apellido='Perez', DNI=61274487, FechaIngreso=4040, Domicilio='Rada Tilly'}
[2022-08-18 14:02:33] [ INFO ] [PacienteDAOH2:120] Se modifico la informacion del paciente con id:Paciente{ID=null, Nombre='Serafin', Apellido='Quesada', DNI=61274487, FechaIngreso=4040, Domicilio='Rada Tilly'}
[2022-08-18 14:02:33] [ INFO ] [PacienteDAOH2:136] Se ha modificado la informacion del paciente, su nueva información es:Paciente{ID=null, Nombre='Serafin', Apellido='Quesada', DNI=61274487, FechaIngreso=4040, Domicilio='Rada Tilly'}
[2022-08-18 14:02:33] [ INFO ] [PacienteDAOH2:57] Buscando al paciente con id:1
[2022-08-18 14:02:33] [ INFO ] [PacienteDAOH2:82] El paciente se encontró, esta es su información:Paciente{ID=1, Nombre='Juan Pablo', Apellido='Perez', DNI=61274487, FechaIngreso=4040, Domicilio='Necochea'}
[2022-08-18 14:02:33] [ INFO ] [PacienteDAOH2:89] Buscando todos los pacientes
[2022-08-18 14:02:33] [ INFO ] [PacienteDAOH2:110] Se encotraron todos los pacientes: Juan Pablo
[2022-08-18 14:02:33] [ INFO ] [PacienteDAOH2:110] Se encotraron todos los pacientes: Juan Martin
[2022-08-18 14:02:33] [ INFO ] [PacienteDAOH2:31] Registrando un pedido de nuevoPaciente{ID=null, Nombre='Juan Pablo', Apellido='Perez', DNI=61274487, FechaIngreso=4040, Domicilio='Necochea'}
[2022-08-18 14:02:33] [ INFO ] [PacienteDAOH2:51] El paciente se registró con éxito:Paciente{ID=1, Nombre='Juan Pablo', Apellido='Perez', DNI=61274487, FechaIngreso=4040, Domicilio='Necochea'}
[2022-08-18 14:02:33] [ INFO ] [PacienteDAOH2:31] Registrando un pedido de nuevoPaciente{ID=null, Nombre='Juan Martin', Apellido='Perez', DNI=61274487, FechaIngreso=4040, Domicilio='Rada Tilly'}
[2022-08-18 14:02:33] [ INFO ] [PacienteDAOH2:51] El paciente se registró con éxito:Paciente{ID=2, Nombre='Juan Martin', Apellido='Perez', DNI=61274487, FechaIngreso=4040, Domicilio='Rada Tilly'}
[2022-08-18 14:03:35] [ INFO ] [PacienteDAOH2:120] Se modifico la informacion del paciente con id:Paciente{ID=null, Nombre='Serafin', Apellido='Quesada', DNI=61274487, FechaIngreso=4040, Domicilio='Rada Tilly'}
[2022-08-18 14:03:35] [ INFO ] [PacienteDAOH2:136] Se ha modificado la informacion del paciente, su nueva información es:Paciente{ID=null, Nombre='Serafin', Apellido='Quesada', DNI=61274487, FechaIngreso=4040, Domicilio='Rada Tilly'}
[2022-08-18 14:03:35] [ INFO ] [PacienteDAOH2:57] Buscando al paciente con id:1
[2022-08-18 14:03:35] [ INFO ] [PacienteDAOH2:82] El paciente se encontró, esta es su información:Paciente{ID=1, Nombre='Juan Pablo', Apellido='Perez', DNI=61274487, FechaIngreso=4040, Domicilio='Necochea'}
[2022-08-18 14:03:35] [ INFO ] [PacienteDAOH2:89] Buscando todos los pacientes
[2022-08-18 14:03:35] [ INFO ] [PacienteDAOH2:110] Se encotraron todos los pacientes: Juan Pablo
[2022-08-18 14:03:35] [ INFO ] [PacienteDAOH2:110] Se encotraron todos los pacientes: Juan Martin
[2022-08-18 14:03:35] [ INFO ] [PacienteDAOH2:31] Registrando un pedido de nuevoPaciente{ID=null, Nombre='Juan Pablo', Apellido='Perez', DNI=61274487, FechaIngreso=4040, Domicilio='Necochea'}
[2022-08-18 14:03:35] [ INFO ] [PacienteDAOH2:51] El paciente se registró con éxito:Paciente{ID=1, Nombre='Juan Pablo', Apellido='Perez', DNI=61274487, FechaIngreso=4040, Domicilio='Necochea'}
[2022-08-18 14:03:35] [ INFO ] [PacienteDAOH2:31] Registrando un pedido de nuevoPaciente{ID=null, Nombre='Juan Martin', Apellido='Perez', DNI=61274487, FechaIngreso=4040, Domicilio='Rada Tilly'}
[2022-08-18 14:03:35] [ INFO ] [PacienteDAOH2:51] El paciente se registró con éxito:Paciente{ID=2, Nombre='Juan Martin', Apellido='Perez', DNI=61274487, FechaIngreso=4040, Domicilio='Rada Tilly'}
[2022-08-18 14:26:50] [ INFO ] [PacienteDAOH2:120] Se modifico la informacion del paciente con id:Paciente{ID=null, Nombre='Serafin', Apellido='Quesada', DNI=61274487, FechaIngreso=4040, Domicilio='Rada Tilly'}
[2022-08-18 14:26:50] [ INFO ] [PacienteDAOH2:136] Se ha modificado la informacion del paciente, su nueva información es:Paciente{ID=null, Nombre='Serafin', Apellido='Quesada', DNI=61274487, FechaIngreso=4040, Domicilio='Rada Tilly'}
[2022-08-18 14:26:50] [ INFO ] [PacienteDAOH2:57] Buscando al paciente con id:1
[2022-08-18 14:26:50] [ INFO ] [PacienteDAOH2:82] El paciente se encontró, esta es su información:Paciente{ID=1, Nombre='Juan Pablo', Apellido='Perez', DNI=61274487, FechaIngreso=4040, Domicilio='Necochea'}
[2022-08-18 14:26:50] [ INFO ] [PacienteDAOH2:31] Registrando un pedido de nuevoPaciente{ID=null, Nombre='Lionel', Apellido='Messi', DNI=61274487, FechaIngreso=4040, Domicilio='Rada Tilly'}
[2022-08-18 14:26:50] [ INFO ] [PacienteDAOH2:51] El paciente se registró con éxito:Paciente{ID=3, Nombre='Lionel', Apellido='Messi', DNI=61274487, FechaIngreso=4040, Domicilio='Rada Tilly'}
[2022-08-18 14:26:50] [ INFO ] [PacienteDAOH2:143] Borrando al paciente con id:3
[2022-08-18 14:26:50] [ INFO ] [PacienteDAOH2:153] El paciente se elimino correctamente
[2022-08-18 14:26:50] [ INFO ] [PacienteDAOH2:89] Buscando todos los pacientes
[2022-08-18 14:26:50] [ INFO ] [PacienteDAOH2:110] Se encotraron todos los pacientes: Juan Pablo
[2022-08-18 14:26:50] [ INFO ] [PacienteDAOH2:110] Se encotraron todos los pacientes: Juan Martin
[2022-08-18 14:26:50] [ INFO ] [PacienteDAOH2:31] Registrando un pedido de nuevoPaciente{ID=null, Nombre='Juan Pablo', Apellido='Perez', DNI=61274487, FechaIngreso=4040, Domicilio='Necochea'}
[2022-08-18 14:26:50] [ INFO ] [PacienteDAOH2:51] El paciente se registró con éxito:Paciente{ID=1, Nombre='Juan Pablo', Apellido='Perez', DNI=61274487, FechaIngreso=4040, Domicilio='Necochea'}
[2022-08-18 14:26:50] [ INFO ] [PacienteDAOH2:31] Registrando un pedido de nuevoPaciente{ID=null, Nombre='Juan Martin', Apellido='Perez', DNI=61274487, FechaIngreso=4040, Domicilio='Rada Tilly'}
[2022-08-18 14:26:50] [ INFO ] [PacienteDAOH2:51] El paciente se registró con éxito:Paciente{ID=2, Nombre='Juan Martin', Apellido='Perez', DNI=61274487, FechaIngreso=4040, Domicilio='Rada Tilly'}
[2022-08-18 14:28:23] [ INFO ] [PacienteDAOH2:120] Se modifico la informacion del paciente con id:Paciente{ID=null, Nombre='Serafin', Apellido='Quesada', DNI=61274487, FechaIngreso=4040, Domicilio='Rada Tilly'}
[2022-08-18 14:28:23] [ INFO ] [PacienteDAOH2:136] Se ha modificado la informacion del paciente, su nueva información es:Paciente{ID=null, Nombre='Serafin', Apellido='Quesada', DNI=61274487, FechaIngreso=4040, Domicilio='Rada Tilly'}
[2022-08-18 14:28:23] [ INFO ] [PacienteDAOH2:57] Buscando al paciente con id:1
[2022-08-18 14:28:23] [ INFO ] [PacienteDAOH2:82] El paciente se encontró, esta es su información:Paciente{ID=1, Nombre='Juan Pablo', Apellido='Perez', DNI=61274487, FechaIngreso=4040, Domicilio='Necochea'}
[2022-08-18 14:28:23] [ INFO ] [PacienteDAOH2:31] Registrando un pedido de nuevoPaciente{ID=null, Nombre='Lionel', Apellido='Messi', DNI=61274487, FechaIngreso=4040, Domicilio='Rada Tilly'}
[2022-08-18 14:28:23] [ INFO ] [PacienteDAOH2:51] El paciente se registró con éxito:Paciente{ID=3, Nombre='Lionel', Apellido='Messi', DNI=61274487, FechaIngreso=4040, Domicilio='Rada Tilly'}
[2022-08-18 14:28:23] [ INFO ] [PacienteDAOH2:143] Borrando al paciente con id:3
[2022-08-18 14:28:23] [ INFO ] [PacienteDAOH2:153] El paciente se elimino correctamente
[2022-08-18 14:28:23] [ INFO ] [PacienteDAOH2:89] Buscando todos los pacientes
[2022-08-18 14:28:23] [ INFO ] [PacienteDAOH2:110] Se encotraron todos los pacientes: Juan Pablo
[2022-08-18 14:28:23] [ INFO ] [PacienteDAOH2:110] Se encotraron todos los pacientes: Juan Martin
[2022-08-18 14:28:23] [ INFO ] [PacienteDAOH2:31] Registrando un pedido de nuevoPaciente{ID=null, Nombre='Juan Pablo', Apellido='Perez', DNI=61274487, FechaIngreso=4040, Domicilio='Necochea'}
[2022-08-18 14:28:23] [ INFO ] [PacienteDAOH2:51] El paciente se registró con éxito:Paciente{ID=1, Nombre='Juan Pablo', Apellido='Perez', DNI=61274487, FechaIngreso=4040, Domicilio='Necochea'}
[2022-08-18 14:28:23] [ INFO ] [PacienteDAOH2:31] Registrando un pedido de nuevoPaciente{ID=null, Nombre='Juan Martin', Apellido='Perez', DNI=61274487, FechaIngreso=4040, Domicilio='Rada Tilly'}
[2022-08-18 14:28:23] [ INFO ] [PacienteDAOH2:51] El paciente se registró con éxito:Paciente{ID=2, Nombre='Juan Martin', Apellido='Perez', DNI=61274487, FechaIngreso=4040, Domicilio='Rada Tilly'}
[2022-08-18 14:28:56] [ INFO ] [PacienteDAOH2:120] Se modifico la informacion del paciente con id:Paciente{ID=null, Nombre='Serafin', Apellido='Quesada', DNI=61274487, FechaIngreso=4040, Domicilio='Rada Tilly'}
[2022-08-18 14:28:56] [ INFO ] [PacienteDAOH2:136] Se ha modificado la informacion del paciente, su nueva información es:Paciente{ID=null, Nombre='Serafin', Apellido='Quesada', DNI=61274487, FechaIngreso=4040, Domicilio='Rada Tilly'}
[2022-08-18 14:28:56] [ INFO ] [PacienteDAOH2:57] Buscando al paciente con id:1
[2022-08-18 14:28:56] [ INFO ] [PacienteDAOH2:82] El paciente se encontró, esta es su información:Paciente{ID=1, Nombre='Juan Pablo', Apellido='Perez', DNI=61274487, FechaIngreso=4040, Domicilio='Necochea'}
[2022-08-18 14:28:56] [ INFO ] [PacienteDAOH2:31] Registrando un pedido de nuevoPaciente{ID=null, Nombre='Lionel', Apellido='Messi', DNI=61274487, FechaIngreso=4040, Domicilio='Rada Tilly'}
[2022-08-18 14:28:56] [ INFO ] [PacienteDAOH2:51] El paciente se registró con éxito:Paciente{ID=3, Nombre='Lionel', Apellido='Messi', DNI=61274487, FechaIngreso=4040, Domicilio='Rada Tilly'}
[2022-08-18 14:28:56] [ INFO ] [PacienteDAOH2:143] Borrando al paciente con id:3
[2022-08-18 14:28:56] [ INFO ] [PacienteDAOH2:153] El paciente se elimino correctamente
[2022-08-18 14:28:56] [ INFO ] [PacienteDAOH2:89] Buscando todos los pacientes
[2022-08-18 14:28:56] [ INFO ] [PacienteDAOH2:110] Se encotraron todos los pacientes: Juan Pablo
[2022-08-18 14:28:56] [ INFO ] [PacienteDAOH2:110] Se encotraron todos los pacientes: Juan Martin
[2022-08-18 14:28:57] [ INFO ] [PacienteDAOH2:31] Registrando un pedido de nuevoPaciente{ID=null, Nombre='Juan Pablo', Apellido='Perez', DNI=61274487, FechaIngreso=4040, Domicilio='Necochea'}
[2022-08-18 14:28:57] [ INFO ] [PacienteDAOH2:51] El paciente se registró con éxito:Paciente{ID=1, Nombre='Juan Pablo', Apellido='Perez', DNI=61274487, FechaIngreso=4040, Domicilio='Necochea'}
[2022-08-18 14:28:57] [ INFO ] [PacienteDAOH2:31] Registrando un pedido de nuevoPaciente{ID=null, Nombre='Juan Martin', Apellido='Perez', DNI=61274487, FechaIngreso=4040, Domicilio='Rada Tilly'}
[2022-08-18 14:28:57] [ INFO ] [PacienteDAOH2:51] El paciente se registró con éxito:Paciente{ID=2, Nombre='Juan Martin', Apellido='Perez', DNI=61274487, FechaIngreso=4040, Domicilio='Rada Tilly'}
[2022-08-18 14:29:38] [ INFO ] [PacienteDAOH2:120] Se modifico la informacion del paciente con id:Paciente{ID=null, Nombre='Serafin', Apellido='Quesada', DNI=61274487, FechaIngreso=4040, Domicilio='Rada Tilly'}
[2022-08-18 14:29:38] [ INFO ] [PacienteDAOH2:136] Se ha modificado la informacion del paciente, su nueva información es:Paciente{ID=null, Nombre='Serafin', Apellido='Quesada', DNI=61274487, FechaIngreso=4040, Domicilio='Rada Tilly'}
[2022-08-18 14:29:38] [ INFO ] [PacienteDAOH2:57] Buscando al paciente con id:1
[2022-08-18 14:29:38] [ INFO ] [PacienteDAOH2:82] El paciente se encontró, esta es su información:Paciente{ID=1, Nombre='Juan Pablo', Apellido='Perez', DNI=61274487, FechaIngreso=4040, Domicilio='Necochea'}
[2022-08-18 14:29:38] [ INFO ] [PacienteDAOH2:31] Registrando un pedido de nuevoPaciente{ID=null, Nombre='Lionel', Apellido='Messi', DNI=61274487, FechaIngreso=4040, Domicilio='Rada Tilly'}
[2022-08-18 14:29:38] [ INFO ] [PacienteDAOH2:51] El paciente se registró con éxito:Paciente{ID=3, Nombre='Lionel', Apellido='Messi', DNI=61274487, FechaIngreso=4040, Domicilio='Rada Tilly'}
[2022-08-18 14:29:38] [ INFO ] [PacienteDAOH2:143] Borrando al paciente con id:3
[2022-08-18 14:29:38] [ INFO ] [PacienteDAOH2:153] El paciente se elimino correctamente
[2022-08-18 14:29:38] [ INFO ] [PacienteDAOH2:89] Buscando todos los pacientes
[2022-08-18 14:29:38] [ INFO ] [PacienteDAOH2:110] Se encotraron todos los pacientes: Juan Pablo
[2022-08-18 14:29:38] [ INFO ] [PacienteDAOH2:110] Se encotraron todos los pacientes: Juan Martin
[2022-08-18 14:29:38] [ INFO ] [PacienteDAOH2:31] Registrando un pedido de nuevoPaciente{ID=null, Nombre='Juan Pablo', Apellido='Perez', DNI=61274487, FechaIngreso=4040, Domicilio='Necochea'}
[2022-08-18 14:29:38] [ INFO ] [PacienteDAOH2:51] El paciente se registró con éxito:Paciente{ID=1, Nombre='Juan Pablo', Apellido='Perez', DNI=61274487, FechaIngreso=4040, Domicilio='Necochea'}
[2022-08-18 14:29:38] [ INFO ] [PacienteDAOH2:31] Registrando un pedido de nuevoPaciente{ID=null, Nombre='Juan Martin', Apellido='Perez', DNI=61274487, FechaIngreso=4040, Domicilio='Rada Tilly'}
[2022-08-18 14:29:38] [ INFO ] [PacienteDAOH2:51] El paciente se registró con éxito:Paciente{ID=2, Nombre='Juan Martin', Apellido='Perez', DNI=61274487, FechaIngreso=4040, Domicilio='Rada Tilly'}
[2022-08-18 14:30:54] [ INFO ] [PacienteDAOH2:120] Se modifico la informacion del paciente con id:Paciente{ID=null, Nombre='Serafin', Apellido='Quesada', DNI=61274487, FechaIngreso=4040, Domicilio='Rada Tilly'}
[2022-08-18 14:30:54] [ INFO ] [PacienteDAOH2:136] Se ha modificado la informacion del paciente, su nueva información es:Paciente{ID=null, Nombre='Serafin', Apellido='Quesada', DNI=61274487, FechaIngreso=4040, Domicilio='Rada Tilly'}
[2022-08-18 14:30:54] [ INFO ] [PacienteDAOH2:57] Buscando al paciente con id:1
[2022-08-18 14:30:54] [ INFO ] [PacienteDAOH2:82] El paciente se encontró, esta es su información:Paciente{ID=1, Nombre='Juan Pablo', Apellido='Perez', DNI=61274487, FechaIngreso=4040, Domicilio='Necochea'}
[2022-08-18 14:30:54] [ INFO ] [PacienteDAOH2:31] Registrando un pedido de nuevoPaciente{ID=null, Nombre='Lionel', Apellido='Messi', DNI=61274487, FechaIngreso=4040, Domicilio='Rada Tilly'}
[2022-08-18 14:30:54] [ INFO ] [PacienteDAOH2:51] El paciente se registró con éxito:Paciente{ID=3, Nombre='Lionel', Apellido='Messi', DNI=61274487, FechaIngreso=4040, Domicilio='Rada Tilly'}
[2022-08-18 14:30:54] [ INFO ] [PacienteDAOH2:143] Borrando al paciente con id:3
[2022-08-18 14:30:54] [ INFO ] [PacienteDAOH2:153] El paciente se elimino correctamente
[2022-08-18 14:30:54] [ INFO ] [PacienteDAOH2:89] Buscando todos los pacientes
[2022-08-18 14:30:54] [ INFO ] [PacienteDAOH2:110] Se encotraron todos los pacientes: Juan Pablo
[2022-08-18 14:30:54] [ INFO ] [PacienteDAOH2:110] Se encotraron todos los pacientes: Juan Martin
[2022-08-18 14:30:54] [ INFO ] [PacienteDAOH2:31] Registrando un pedido de nuevoPaciente{ID=null, Nombre='Juan Pablo', Apellido='Perez', DNI=61274487, FechaIngreso=4040, Domicilio='Necochea'}
[2022-08-18 14:30:54] [ INFO ] [PacienteDAOH2:51] El paciente se registró con éxito:Paciente{ID=1, Nombre='Juan Pablo', Apellido='Perez', DNI=61274487, FechaIngreso=4040, Domicilio='Necochea'}
[2022-08-18 14:30:54] [ INFO ] [PacienteDAOH2:31] Registrando un pedido de nuevoPaciente{ID=null, Nombre='Juan Martin', Apellido='Perez', DNI=61274487, FechaIngreso=4040, Domicilio='Rada Tilly'}
[2022-08-18 14:30:54] [ INFO ] [PacienteDAOH2:51] El paciente se registró con éxito:Paciente{ID=2, Nombre='Juan Martin', Apellido='Perez', DNI=61274487, FechaIngreso=4040, Domicilio='Rada Tilly'}
[2022-08-18 14:31:49] [ INFO ] [PacienteDAOH2:120] Se modifico la informacion del paciente con id:Paciente{ID=null, Nombre='Serafin', Apellido='Quesada', DNI=61274487, FechaIngreso=4040, Domicilio='Rada Tilly'}
[2022-08-18 14:31:49] [ INFO ] [PacienteDAOH2:136] Se ha modificado la informacion del paciente, su nueva información es:Paciente{ID=null, Nombre='Serafin', Apellido='Quesada', DNI=61274487, FechaIngreso=4040, Domicilio='Rada Tilly'}
[2022-08-18 14:31:49] [ INFO ] [PacienteDAOH2:57] Buscando al paciente con id:1
[2022-08-18 14:31:49] [ INFO ] [PacienteDAOH2:82] El paciente se encontró, esta es su información:Paciente{ID=1, Nombre='Juan Pablo', Apellido='Perez', DNI=61274487, FechaIngreso=4040, Domicilio='Necochea'}
[2022-08-18 14:31:49] [ INFO ] [PacienteDAOH2:57] Buscando al paciente con id:2
[2022-08-18 14:31:49] [ INFO ] [PacienteDAOH2:82] El paciente se encontró, esta es su información:Paciente{ID=2, Nombre='Juan Martin', Apellido='Perez', DNI=61274487, FechaIngreso=4040, Domicilio='Rada Tilly'}
[2022-08-18 14:31:49] [ INFO ] [PacienteDAOH2:57] Buscando al paciente con id:3
[2022-08-18 14:31:49] [ INFO ] [PacienteDAOH2:31] Registrando un pedido de nuevoPaciente{ID=null, Nombre='Lionel', Apellido='Messi', DNI=61274487, FechaIngreso=4040, Domicilio='Rada Tilly'}
[2022-08-18 14:31:49] [ INFO ] [PacienteDAOH2:51] El paciente se registró con éxito:Paciente{ID=3, Nombre='Lionel', Apellido='Messi', DNI=61274487, FechaIngreso=4040, Domicilio='Rada Tilly'}
[2022-08-18 14:31:49] [ INFO ] [PacienteDAOH2:143] Borrando al paciente con id:3
[2022-08-18 14:31:49] [ INFO ] [PacienteDAOH2:153] El paciente se elimino correctamente
[2022-08-18 14:31:49] [ INFO ] [PacienteDAOH2:89] Buscando todos los pacientes
[2022-08-18 14:31:49] [ INFO ] [PacienteDAOH2:110] Se encotraron todos los pacientes: Juan Pablo
[2022-08-18 14:31:49] [ INFO ] [PacienteDAOH2:110] Se encotraron todos los pacientes: Juan Martin
[2022-08-18 14:31:49] [ INFO ] [PacienteDAOH2:31] Registrando un pedido de nuevoPaciente{ID=null, Nombre='Juan Pablo', Apellido='Perez', DNI=61274487, FechaIngreso=4040, Domicilio='Necochea'}
[2022-08-18 14:31:49] [ INFO ] [PacienteDAOH2:51] El paciente se registró con éxito:Paciente{ID=1, Nombre='Juan Pablo', Apellido='Perez', DNI=61274487, FechaIngreso=4040, Domicilio='Necochea'}
[2022-08-18 14:31:49] [ INFO ] [PacienteDAOH2:31] Registrando un pedido de nuevoPaciente{ID=null, Nombre='Juan Martin', Apellido='Perez', DNI=61274487, FechaIngreso=4040, Domicilio='Rada Tilly'}
[2022-08-18 14:31:49] [ INFO ] [PacienteDAOH2:51] El paciente se registró con éxito:Paciente{ID=2, Nombre='Juan Martin', Apellido='Perez', DNI=61274487, FechaIngreso=4040, Domicilio='Rada Tilly'}
[2022-08-18 14:32:58] [ INFO ] [PacienteDAOH2:57] Buscando al paciente con id:1
[2022-08-18 14:35:24] [ INFO ] [PacienteDAOH2:57] Buscando al paciente con id:1
[2022-08-18 14:36:39] [ INFO ] [PacienteDAOH2:120] Se modifico la informacion del paciente con id:Paciente{ID=null, Nombre='Serafin', Apellido='Quesada', DNI=61274487, FechaIngreso=4040, Domicilio='Rada Tilly'}
[2022-08-18 14:36:39] [ INFO ] [PacienteDAOH2:136] Se ha modificado la informacion del paciente, su nueva información es:Paciente{ID=null, Nombre='Serafin', Apellido='Quesada', DNI=61274487, FechaIngreso=4040, Domicilio='Rada Tilly'}
[2022-08-18 14:36:39] [ INFO ] [PacienteDAOH2:57] Buscando al paciente con id:1
[2022-08-18 14:36:39] [ INFO ] [PacienteDAOH2:31] Registrando un pedido de nuevoPaciente{ID=null, Nombre='Lionel', Apellido='Messi', DNI=61274487, FechaIngreso=4040, Domicilio='Rada Tilly'}
[2022-08-18 14:36:39] [ INFO ] [PacienteDAOH2:51] El paciente se registró con éxito:Paciente{ID=null, Nombre='Lionel', Apellido='Messi', DNI=61274487, FechaIngreso=4040, Domicilio='Rada Tilly'}
[2022-08-18 14:36:39] [ INFO ] [PacienteDAOH2:143] Borrando al paciente con id:null
[2022-08-18 14:36:39] [ INFO ] [PacienteDAOH2:153] El paciente se elimino correctamente
[2022-08-18 14:36:39] [ INFO ] [PacienteDAOH2:89] Buscando todos los pacientes
[2022-08-18 14:36:39] [ INFO ] [PacienteDAOH2:31] Registrando un pedido de nuevoPaciente{ID=null, Nombre='Juan Pablo', Apellido='Perez', DNI=61274487, FechaIngreso=4040, Domicilio='Necochea'}
[2022-08-18 14:36:39] [ INFO ] [PacienteDAOH2:51] El paciente se registró con éxito:Paciente{ID=1, Nombre='Juan Pablo', Apellido='Perez', DNI=61274487, FechaIngreso=4040, Domicilio='Necochea'}
[2022-08-18 14:36:39] [ INFO ] [PacienteDAOH2:31] Registrando un pedido de nuevoPaciente{ID=null, Nombre='Juan Martin', Apellido='Perez', DNI=61274487, FechaIngreso=4040, Domicilio='Rada Tilly'}
[2022-08-18 14:36:39] [ INFO ] [PacienteDAOH2:51] El paciente se registró con éxito:Paciente{ID=2, Nombre='Juan Martin', Apellido='Perez', DNI=61274487, FechaIngreso=4040, Domicilio='Rada Tilly'}
[2022-08-18 14:38:07] [ INFO ] [PacienteDAOH2:120] Se modifico la informacion del paciente con id:Paciente{ID=null, Nombre='Serafin', Apellido='Quesada', DNI=61274487, FechaIngreso=4040, Domicilio='Rada Tilly'}
[2022-08-18 14:38:07] [ INFO ] [PacienteDAOH2:136] Se ha modificado la informacion del paciente, su nueva información es:Paciente{ID=null, Nombre='Serafin', Apellido='Quesada', DNI=61274487, FechaIngreso=4040, Domicilio='Rada Tilly'}
[2022-08-18 14:38:07] [ INFO ] [PacienteDAOH2:57] Buscando al paciente con id:1
[2022-08-18 14:38:07] [ INFO ] [PacienteDAOH2:82] El paciente se encontró, esta es su información:Paciente{ID=1, Nombre='Juan Pablo', Apellido='Perez', DNI=61274487, FechaIngreso=4040, Domicilio='Necochea'}
[2022-08-18 14:38:07] [ INFO ] [PacienteDAOH2:31] Registrando un pedido de nuevoPaciente{ID=null, Nombre='Lionel', Apellido='Messi', DNI=61274487, FechaIngreso=4040, Domicilio='Rada Tilly'}
[2022-08-18 14:38:07] [ INFO ] [PacienteDAOH2:51] El paciente se registró con éxito:Paciente{ID=3, Nombre='Lionel', Apellido='Messi', DNI=61274487, FechaIngreso=4040, Domicilio='Rada Tilly'}
[2022-08-18 14:38:07] [ INFO ] [PacienteDAOH2:143] Borrando al paciente con id:3
[2022-08-18 14:38:07] [ INFO ] [PacienteDAOH2:153] El paciente se elimino correctamente
[2022-08-18 14:38:07] [ INFO ] [PacienteDAOH2:89] Buscando todos los pacientes
[2022-08-18 14:38:07] [ INFO ] [PacienteDAOH2:110] Se encotraron todos los pacientes: Juan Pablo
[2022-08-18 14:38:07] [ INFO ] [PacienteDAOH2:110] Se encotraron todos los pacientes: Juan Martin
[2022-08-18 14:38:07] [ INFO ] [PacienteDAOH2:31] Registrando un pedido de nuevoPaciente{ID=null, Nombre='Juan Pablo', Apellido='Perez', DNI=61274487, FechaIngreso=4040, Domicilio='Necochea'}
[2022-08-18 14:38:07] [ INFO ] [PacienteDAOH2:51] El paciente se registró con éxito:Paciente{ID=1, Nombre='Juan Pablo', Apellido='Perez', DNI=61274487, FechaIngreso=4040, Domicilio='Necochea'}
[2022-08-18 14:38:07] [ INFO ] [PacienteDAOH2:31] Registrando un pedido de nuevoPaciente{ID=null, Nombre='Juan Martin', Apellido='Perez', DNI=61274487, FechaIngreso=4040, Domicilio='Rada Tilly'}
[2022-08-18 14:38:07] [ INFO ] [PacienteDAOH2:51] El paciente se registró con éxito:Paciente{ID=2, Nombre='Juan Martin', Apellido='Perez', DNI=61274487, FechaIngreso=4040, Domicilio='Rada Tilly'}
[2022-08-18 14:39:04] [ INFO ] [PacienteDAOH2:120] Se modifico la informacion del paciente con id:Paciente{ID=null, Nombre='Serafin', Apellido='Quesada', DNI=61274487, FechaIngreso=4040, Domicilio='Rada Tilly'}
[2022-08-18 14:39:04] [ INFO ] [PacienteDAOH2:136] Se ha modificado la informacion del paciente, su nueva información es:Paciente{ID=null, Nombre='Serafin', Apellido='Quesada', DNI=61274487, FechaIngreso=4040, Domicilio='Rada Tilly'}
[2022-08-18 14:39:04] [ INFO ] [PacienteDAOH2:57] Buscando al paciente con id:1
[2022-08-18 14:39:04] [ INFO ] [PacienteDAOH2:82] El paciente se encontró, esta es su información:Paciente{ID=1, Nombre='Juan Pablo', Apellido='Perez', DNI=61274487, FechaIngreso=4040, Domicilio='Necochea'}
[2022-08-18 14:39:04] [ INFO ] [PacienteDAOH2:31] Registrando un pedido de nuevoPaciente{ID=null, Nombre='Lionel', Apellido='Messi', DNI=61274487, FechaIngreso=4040, Domicilio='Rada Tilly'}
[2022-08-18 14:39:04] [ INFO ] [PacienteDAOH2:51] El paciente se registró con éxito:Paciente{ID=3, Nombre='Lionel', Apellido='Messi', DNI=61274487, FechaIngreso=4040, Domicilio='Rada Tilly'}
[2022-08-18 14:39:04] [ INFO ] [PacienteDAOH2:143] Borrando al paciente con id:3
[2022-08-18 14:39:04] [ INFO ] [PacienteDAOH2:153] El paciente se elimino correctamente
[2022-08-18 14:39:05] [ INFO ] [PacienteDAOH2:89] Buscando todos los pacientes
[2022-08-18 14:39:05] [ INFO ] [PacienteDAOH2:110] Se encotraron todos los pacientes: Juan Pablo
[2022-08-18 14:39:05] [ INFO ] [PacienteDAOH2:110] Se encotraron todos los pacientes: Juan Martin
[2022-08-18 14:39:05] [ INFO ] [PacienteDAOH2:31] Registrando un pedido de nuevoPaciente{ID=null, Nombre='Juan Pablo', Apellido='Perez', DNI=61274487, FechaIngreso=4040, Domicilio='Necochea'}
[2022-08-18 14:39:05] [ INFO ] [PacienteDAOH2:51] El paciente se registró con éxito:Paciente{ID=1, Nombre='Juan Pablo', Apellido='Perez', DNI=61274487, FechaIngreso=4040, Domicilio='Necochea'}
[2022-08-18 14:39:05] [ INFO ] [PacienteDAOH2:31] Registrando un pedido de nuevoPaciente{ID=null, Nombre='Juan Martin', Apellido='Perez', DNI=61274487, FechaIngreso=4040, Domicilio='Rada Tilly'}
[2022-08-18 14:39:05] [ INFO ] [PacienteDAOH2:51] El paciente se registró con éxito:Paciente{ID=2, Nombre='Juan Martin', Apellido='Perez', DNI=61274487, FechaIngreso=4040, Domicilio='Rada Tilly'}
[2022-08-18 14:41:07] [ INFO ] [PacienteDAOH2:120] Se modifico la informacion del paciente con id:Paciente{ID=null, Nombre='Serafin', Apellido='Quesada', DNI=61274487, FechaIngreso=4040, Domicilio='Rada Tilly'}
[2022-08-18 14:41:07] [ INFO ] [PacienteDAOH2:136] Se ha modificado la informacion del paciente, su nueva información es:Paciente{ID=null, Nombre='Serafin', Apellido='Quesada', DNI=61274487, FechaIngreso=4040, Domicilio='Rada Tilly'}
[2022-08-18 14:41:07] [ INFO ] [PacienteDAOH2:57] Buscando al paciente con id:1
[2022-08-18 14:41:07] [ INFO ] [PacienteDAOH2:82] El paciente se encontró, esta es su información:Paciente{ID=1, Nombre='Juan Pablo', Apellido='Perez', DNI=61274487, FechaIngreso=4040, Domicilio='Necochea'}
[2022-08-18 14:41:07] [ INFO ] [PacienteDAOH2:31] Registrando un pedido de nuevoPaciente{ID=null, Nombre='Lionel', Apellido='Messi', DNI=61274487, FechaIngreso=4040, Domicilio='Rada Tilly'}
[2022-08-18 14:41:07] [ INFO ] [PacienteDAOH2:51] El paciente se registró con éxito:Paciente{ID=3, Nombre='Lionel', Apellido='Messi', DNI=61274487, FechaIngreso=4040, Domicilio='Rada Tilly'}
[2022-08-18 14:41:07] [ INFO ] [PacienteDAOH2:143] Borrando al paciente con id:3
[2022-08-18 14:41:07] [ INFO ] [PacienteDAOH2:153] El paciente se elimino correctamente
[2022-08-18 14:41:07] [ INFO ] [PacienteDAOH2:89] Buscando todos los pacientes
[2022-08-18 14:41:07] [ INFO ] [PacienteDAOH2:110] Se encotraron todos los pacientes: Juan Pablo
[2022-08-18 14:41:07] [ INFO ] [PacienteDAOH2:110] Se encotraron todos los pacientes: Juan Martin
[2022-08-18 14:41:07] [ INFO ] [PacienteDAOH2:31] Registrando un pedido de nuevoPaciente{ID=null, Nombre='Juan Pablo', Apellido='Perez', DNI=61274487, FechaIngreso=4040, Domicilio='Necochea'}
[2022-08-18 14:41:07] [ INFO ] [PacienteDAOH2:51] El paciente se registró con éxito:Paciente{ID=1, Nombre='Juan Pablo', Apellido='Perez', DNI=61274487, FechaIngreso=4040, Domicilio='Necochea'}
[2022-08-18 14:41:07] [ INFO ] [PacienteDAOH2:31] Registrando un pedido de nuevoPaciente{ID=null, Nombre='Juan Martin', Apellido='Perez', DNI=61274487, FechaIngreso=4040, Domicilio='Rada Tilly'}
[2022-08-18 14:41:07] [ INFO ] [PacienteDAOH2:51] El paciente se registró con éxito:Paciente{ID=2, Nombre='Juan Martin', Apellido='Perez', DNI=61274487, FechaIngreso=4040, Domicilio='Rada Tilly'}
[2022-08-18 14:42:40] [ INFO ] [PacienteDAOH2:120] Se modifico la informacion del paciente con id:Paciente{ID=null, Nombre='Serafin', Apellido='Quesada', DNI=61274487, FechaIngreso=4040, Domicilio='Rada Tilly'}
[2022-08-18 14:42:40] [ INFO ] [PacienteDAOH2:136] Se ha modificado la informacion del paciente, su nueva información es:Paciente{ID=null, Nombre='Serafin', Apellido='Quesada', DNI=61274487, FechaIngreso=4040, Domicilio='Rada Tilly'}
[2022-08-18 14:42:40] [ INFO ] [PacienteDAOH2:57] Buscando al paciente con id:1
[2022-08-18 14:42:40] [ INFO ] [PacienteDAOH2:82] El paciente se encontró, esta es su información:Paciente{ID=1, Nombre='Juan Pablo', Apellido='Perez', DNI=61274487, FechaIngreso=4040, Domicilio='Necochea'}
[2022-08-18 14:42:40] [ INFO ] [PacienteDAOH2:31] Registrando un pedido de nuevoPaciente{ID=null, Nombre='Lionel', Apellido='Messi', DNI=61274487, FechaIngreso=4040, Domicilio='Rada Tilly'}
[2022-08-18 14:42:40] [ INFO ] [PacienteDAOH2:51] El paciente se registró con éxito:Paciente{ID=3, Nombre='Lionel', Apellido='Messi', DNI=61274487, FechaIngreso=4040, Domicilio='Rada Tilly'}
[2022-08-18 14:42:40] [ INFO ] [PacienteDAOH2:143] Borrando al paciente con id:3
[2022-08-18 14:42:40] [ INFO ] [PacienteDAOH2:153] El paciente se elimino correctamente
[2022-08-18 14:42:40] [ INFO ] [PacienteDAOH2:89] Buscando todos los pacientes
[2022-08-18 14:42:40] [ INFO ] [PacienteDAOH2:110] Se encotraron todos los pacientes: Juan Pablo
[2022-08-18 14:42:40] [ INFO ] [PacienteDAOH2:110] Se encotraron todos los pacientes: Juan Martin
[2022-08-18 14:42:40] [ INFO ] [PacienteDAOH2:31] Registrando un pedido de nuevoPaciente{ID=null, Nombre='Juan Pablo', Apellido='Perez', DNI=61274487, FechaIngreso=4040, Domicilio='Necochea'}
[2022-08-18 14:42:40] [ INFO ] [PacienteDAOH2:51] El paciente se registró con éxito:Paciente{ID=1, Nombre='Juan Pablo', Apellido='Perez', DNI=61274487, FechaIngreso=4040, Domicilio='Necochea'}
[2022-08-18 14:42:40] [ INFO ] [PacienteDAOH2:31] Registrando un pedido de nuevoPaciente{ID=null, Nombre='Juan Martin', Apellido='Perez', DNI=61274487, FechaIngreso=4040, Domicilio='Rada Tilly'}
[2022-08-18 14:42:40] [ INFO ] [PacienteDAOH2:51] El paciente se registró con éxito:Paciente{ID=2, Nombre='Juan Martin', Apellido='Perez', DNI=61274487, FechaIngreso=4040, Domicilio='Rada Tilly'}
[2022-08-18 14:43:16] [ INFO ] [PacienteDAOH2:120] Se modifico la informacion del paciente con id:Paciente{ID=null, Nombre='Serafin', Apellido='Quesada', DNI=61274487, FechaIngreso=4040, Domicilio='Rada Tilly'}
[2022-08-18 14:43:16] [ INFO ] [PacienteDAOH2:136] Se ha modificado la informacion del paciente, su nueva información es:Paciente{ID=null, Nombre='Serafin', Apellido='Quesada', DNI=61274487, FechaIngreso=4040, Domicilio='Rada Tilly'}
[2022-08-18 14:43:16] [ INFO ] [PacienteDAOH2:57] Buscando al paciente con id:1
[2022-08-18 14:43:16] [ INFO ] [PacienteDAOH2:82] El paciente se encontró, esta es su información:Paciente{ID=1, Nombre='Juan Pablo', Apellido='Perez', DNI=61274487, FechaIngreso=4040, Domicilio='Necochea'}
[2022-08-18 14:43:16] [ INFO ] [PacienteDAOH2:31] Registrando un pedido de nuevoPaciente{ID=null, Nombre='Lionel', Apellido='Messi', DNI=61274487, FechaIngreso=4040, Domicilio='Rada Tilly'}
[2022-08-18 14:43:16] [ INFO ] [PacienteDAOH2:51] El paciente se registró con éxito:Paciente{ID=3, Nombre='Lionel', Apellido='Messi', DNI=61274487, FechaIngreso=4040, Domicilio='Rada Tilly'}
[2022-08-18 14:43:16] [ INFO ] [PacienteDAOH2:143] Borrando al paciente con id:3
[2022-08-18 14:43:16] [ INFO ] [PacienteDAOH2:153] El paciente se elimino correctamente
[2022-08-18 14:43:16] [ INFO ] [PacienteDAOH2:89] Buscando todos los pacientes
[2022-08-18 14:43:16] [ INFO ] [PacienteDAOH2:110] Se encotraron todos los pacientes: Juan Pablo
[2022-08-18 14:43:16] [ INFO ] [PacienteDAOH2:110] Se encotraron todos los pacientes: Juan Martin
[2022-08-18 14:43:16] [ INFO ] [PacienteDAOH2:31] Registrando un pedido de nuevoPaciente{ID=null, Nombre='Juan Pablo', Apellido='Perez', DNI=61274487, FechaIngreso=4040, Domicilio='Necochea'}
[2022-08-18 14:43:16] [ INFO ] [PacienteDAOH2:51] El paciente se registró con éxito:Paciente{ID=1, Nombre='Juan Pablo', Apellido='Perez', DNI=61274487, FechaIngreso=4040, Domicilio='Necochea'}
[2022-08-18 14:43:16] [ INFO ] [PacienteDAOH2:31] Registrando un pedido de nuevoPaciente{ID=null, Nombre='Juan Martin', Apellido='Perez', DNI=61274487, FechaIngreso=4040, Domicilio='Rada Tilly'}
[2022-08-18 14:43:16] [ INFO ] [PacienteDAOH2:51] El paciente se registró con éxito:Paciente{ID=2, Nombre='Juan Martin', Apellido='Perez', DNI=61274487, FechaIngreso=4040, Domicilio='Rada Tilly'}
[2022-08-18 14:43:42] [ INFO ] [PacienteDAOH2:120] Se modifico la informacion del paciente con id:Paciente{ID=null, Nombre='Serafin', Apellido='Quesada', DNI=61274487, FechaIngreso=4040, Domicilio='Rada Tilly'}
[2022-08-18 14:43:42] [ INFO ] [PacienteDAOH2:136] Se ha modificado la informacion del paciente, su nueva información es:Paciente{ID=null, Nombre='Serafin', Apellido='Quesada', DNI=61274487, FechaIngreso=4040, Domicilio='Rada Tilly'}
[2022-08-18 14:43:42] [ INFO ] [PacienteDAOH2:57] Buscando al paciente con id:1
[2022-08-18 14:43:42] [ INFO ] [PacienteDAOH2:82] El paciente se encontró, esta es su información:Paciente{ID=1, Nombre='Juan Pablo', Apellido='Perez', DNI=61274487, FechaIngreso=4040, Domicilio='Necochea'}
[2022-08-18 14:43:42] [ INFO ] [PacienteDAOH2:31] Registrando un pedido de nuevoPaciente{ID=null, Nombre='Lionel', Apellido='Messi', DNI=61274487, FechaIngreso=4040, Domicilio='Rada Tilly'}
[2022-08-18 14:43:42] [ INFO ] [PacienteDAOH2:51] El paciente se registró con éxito:Paciente{ID=3, Nombre='Lionel', Apellido='Messi', DNI=61274487, FechaIngreso=4040, Domicilio='Rada Tilly'}
[2022-08-18 14:43:42] [ INFO ] [PacienteDAOH2:143] Borrando al paciente con id:3
[2022-08-18 14:43:42] [ INFO ] [PacienteDAOH2:153] El paciente se elimino correctamente
[2022-08-18 14:43:42] [ INFO ] [PacienteDAOH2:89] Buscando todos los pacientes
[2022-08-18 14:43:42] [ INFO ] [PacienteDAOH2:110] Se encotraron todos los pacientes: Juan Pablo
[2022-08-18 14:43:42] [ INFO ] [PacienteDAOH2:110] Se encotraron todos los pacientes: Juan Martin
[2022-08-18 14:43:42] [ INFO ] [PacienteDAOH2:31] Registrando un pedido de nuevoPaciente{ID=null, Nombre='Juan Pablo', Apellido='Perez', DNI=61274487, FechaIngreso=4040, Domicilio='Necochea'}
[2022-08-18 14:43:42] [ INFO ] [PacienteDAOH2:51] El paciente se registró con éxito:Paciente{ID=1, Nombre='Juan Pablo', Apellido='Perez', DNI=61274487, FechaIngreso=4040, Domicilio='Necochea'}
[2022-08-18 14:43:42] [ INFO ] [PacienteDAOH2:31] Registrando un pedido de nuevoPaciente{ID=null, Nombre='Juan Martin', Apellido='Perez', DNI=61274487, FechaIngreso=4040, Domicilio='Rada Tilly'}
[2022-08-18 14:43:42] [ INFO ] [PacienteDAOH2:51] El paciente se registró con éxito:Paciente{ID=2, Nombre='Juan Martin', Apellido='Perez', DNI=61274487, FechaIngreso=4040, Domicilio='Rada Tilly'}
[2022-08-18 14:45:53] [ INFO ] [PacienteDAOH2:120] Se modifico la informacion del paciente con id:Paciente{ID=null, Nombre='Serafin', Apellido='Quesada', DNI=61274487, FechaIngreso=4040, Domicilio='Rada Tilly'}
[2022-08-18 14:45:53] [ INFO ] [PacienteDAOH2:136] Se ha modificado la informacion del paciente, su nueva información es:Paciente{ID=null, Nombre='Serafin', Apellido='Quesada', DNI=61274487, FechaIngreso=4040, Domicilio='Rada Tilly'}
[2022-08-18 14:45:53] [ INFO ] [PacienteDAOH2:57] Buscando al paciente con id:1
[2022-08-18 14:45:53] [ INFO ] [PacienteDAOH2:82] El paciente se encontró, esta es su información:Paciente{ID=1, Nombre='Juan Pablo', Apellido='Perez', DNI=61274487, FechaIngreso=4040, Domicilio='Necochea'}
[2022-08-18 14:45:53] [ INFO ] [PacienteDAOH2:143] Borrando al paciente con id:3
[2022-08-18 14:45:53] [ INFO ] [PacienteDAOH2:153] El paciente se elimino correctamente
[2022-08-18 14:45:53] [ INFO ] [PacienteDAOH2:89] Buscando todos los pacientes
[2022-08-18 14:45:53] [ INFO ] [PacienteDAOH2:110] Se encotraron todos los pacientes: Juan Pablo
[2022-08-18 14:45:53] [ INFO ] [PacienteDAOH2:110] Se encotraron todos los pacientes: Juan Martin
[2022-08-18 14:45:53] [ INFO ] [PacienteDAOH2:31] Registrando un pedido de nuevoPaciente{ID=null, Nombre='Juan Pablo', Apellido='Perez', DNI=61274487, FechaIngreso=4040, Domicilio='Necochea'}
[2022-08-18 14:45:53] [ INFO ] [PacienteDAOH2:51] El paciente se registró con éxito:Paciente{ID=1, Nombre='Juan Pablo', Apellido='Perez', DNI=61274487, FechaIngreso=4040, Domicilio='Necochea'}
[2022-08-18 14:45:53] [ INFO ] [PacienteDAOH2:31] Registrando un pedido de nuevoPaciente{ID=null, Nombre='Juan Martin', Apellido='Perez', DNI=61274487, FechaIngreso=4040, Domicilio='Rada Tilly'}
[2022-08-18 14:45:53] [ INFO ] [PacienteDAOH2:51] El paciente se registró con éxito:Paciente{ID=2, Nombre='Juan Martin', Apellido='Perez', DNI=61274487, FechaIngreso=4040, Domicilio='Rada Tilly'}
[2022-08-18 14:45:53] [ INFO ] [PacienteDAOH2:31] Registrando un pedido de nuevoPaciente{ID=null, Nombre='Lionel', Apellido='Messi', DNI=61274487, FechaIngreso=4040, Domicilio='Rada Tilly'}
[2022-08-18 14:45:53] [ INFO ] [PacienteDAOH2:51] El paciente se registró con éxito:Paciente{ID=3, Nombre='Lionel', Apellido='Messi', DNI=61274487, FechaIngreso=4040, Domicilio='Rada Tilly'}
[2022-08-18 15:03:49] [ INFO ] [PacienteDAOH2:120] Se modifico la informacion del paciente con id:Paciente{ID=null, Nombre='Serafin', Apellido='Quesada', DNI=61274487, FechaIngreso=4040, Domicilio='Rada Tilly'}
[2022-08-18 15:03:49] [ INFO ] [PacienteDAOH2:136] Se ha modificado la informacion del paciente, su nueva información es:Paciente{ID=null, Nombre='Serafin', Apellido='Quesada', DNI=61274487, FechaIngreso=4040, Domicilio='Rada Tilly'}
[2022-08-18 15:03:49] [ INFO ] [PacienteDAOH2:57] Buscando al paciente con id:1
[2022-08-18 15:03:49] [ INFO ] [PacienteDAOH2:143] Borrando al paciente con id:3
[2022-08-18 15:03:49] [ INFO ] [PacienteDAOH2:153] El paciente se elimino correctamente
[2022-08-18 15:03:49] [ INFO ] [PacienteDAOH2:89] Buscando todos los pacientes
[2022-08-18 15:03:49] [ INFO ] [PacienteDAOH2:31] Registrando un pedido de nuevoPaciente{ID=null, Nombre='Juan Pablo', Apellido='Perez', DNI=61274487, FechaIngreso=4040, Domicilio='Necochea'}
[2022-08-18 15:03:49] [ INFO ] [PacienteDAOH2:51] El paciente se registró con éxito:Paciente{ID=1, Nombre='Juan Pablo', Apellido='Perez', DNI=61274487, FechaIngreso=4040, Domicilio='Necochea'}
[2022-08-18 15:03:49] [ INFO ] [PacienteDAOH2:31] Registrando un pedido de nuevoPaciente{ID=null, Nombre='Juan Martin', Apellido='Perez', DNI=61274487, FechaIngreso=4040, Domicilio='Rada Tilly'}
[2022-08-18 15:03:50] [ INFO ] [PacienteDAOH2:51] El paciente se registró con éxito:Paciente{ID=2, Nombre='Juan Martin', Apellido='Perez', DNI=61274487, FechaIngreso=4040, Domicilio='Rada Tilly'}
[2022-08-18 15:03:50] [ INFO ] [PacienteDAOH2:31] Registrando un pedido de nuevoPaciente{ID=null, Nombre='Lionel', Apellido='Messi', DNI=61274487, FechaIngreso=4040, Domicilio='Rada Tilly'}
[2022-08-18 15:03:50] [ INFO ] [PacienteDAOH2:51] El paciente se registró con éxito:Paciente{ID=3, Nombre='Lionel', Apellido='Messi', DNI=61274487, FechaIngreso=4040, Domicilio='Rada Tilly'}
[2022-08-18 15:04:55] [ INFO ] [PacienteDAOH2:120] Se modifico la informacion del paciente con id:Paciente{ID=null, Nombre='Serafin', Apellido='Quesada', DNI=61274487, FechaIngreso=4040, Domicilio='Rada Tilly'}
[2022-08-18 15:04:55] [ INFO ] [PacienteDAOH2:136] Se ha modificado la informacion del paciente, su nueva información es:Paciente{ID=null, Nombre='Serafin', Apellido='Quesada', DNI=61274487, FechaIngreso=4040, Domicilio='Rada Tilly'}
[2022-08-18 15:04:55] [ INFO ] [PacienteDAOH2:57] Buscando al paciente con id:1
[2022-08-18 15:04:55] [ INFO ] [PacienteDAOH2:82] El paciente se encontró, esta es su información:Paciente{ID=1, Nombre='Juan Pablo', Apellido='Perez', DNI=61274487, FechaIngreso=4040, Domicilio='Necochea'}
[2022-08-18 15:04:55] [ INFO ] [PacienteDAOH2:143] Borrando al paciente con id:3
[2022-08-18 15:04:55] [ INFO ] [PacienteDAOH2:153] El paciente se elimino correctamente
[2022-08-18 15:04:55] [ INFO ] [PacienteDAOH2:89] Buscando todos los pacientes
[2022-08-18 15:04:55] [ INFO ] [PacienteDAOH2:110] Se encotraron todos los pacientes: Juan Pablo
[2022-08-18 15:04:55] [ INFO ] [PacienteDAOH2:110] Se encotraron todos los pacientes: Juan Martin
[2022-08-18 15:04:55] [ INFO ] [PacienteDAOH2:31] Registrando un pedido de nuevoPaciente{ID=null, Nombre='Juan Pablo', Apellido='Perez', DNI=61274487, FechaIngreso=4040, Domicilio='Necochea'}
[2022-08-18 15:04:55] [ INFO ] [PacienteDAOH2:51] El paciente se registró con éxito:Paciente{ID=1, Nombre='Juan Pablo', Apellido='Perez', DNI=61274487, FechaIngreso=4040, Domicilio='Necochea'}
[2022-08-18 15:04:55] [ INFO ] [PacienteDAOH2:31] Registrando un pedido de nuevoPaciente{ID=null, Nombre='Juan Martin', Apellido='Perez', DNI=61274487, FechaIngreso=4040, Domicilio='Rada Tilly'}
[2022-08-18 15:04:55] [ INFO ] [PacienteDAOH2:51] El paciente se registró con éxito:Paciente{ID=2, Nombre='Juan Martin', Apellido='Perez', DNI=61274487, FechaIngreso=4040, Domicilio='Rada Tilly'}
[2022-08-18 15:04:55] [ INFO ] [PacienteDAOH2:31] Registrando un pedido de nuevoPaciente{ID=null, Nombre='Lionel', Apellido='Messi', DNI=61274487, FechaIngreso=4040, Domicilio='Rada Tilly'}
[2022-08-18 15:04:55] [ INFO ] [PacienteDAOH2:51] El paciente se registró con éxito:Paciente{ID=3, Nombre='Lionel', Apellido='Messi', DNI=61274487, FechaIngreso=4040, Domicilio='Rada Tilly'}
[2022-08-18 15:05:19] [ INFO ] [PacienteDAOH2:120] Se modifico la informacion del paciente con id:Paciente{ID=null, Nombre='Serafin', Apellido='Quesada', DNI=61274487, FechaIngreso=4040, Domicilio='Rada Tilly'}
[2022-08-18 15:05:19] [ INFO ] [PacienteDAOH2:136] Se ha modificado la informacion del paciente, su nueva información es:Paciente{ID=null, Nombre='Serafin', Apellido='Quesada', DNI=61274487, FechaIngreso=4040, Domicilio='Rada Tilly'}
[2022-08-18 15:05:19] [ INFO ] [PacienteDAOH2:57] Buscando al paciente con id:1
[2022-08-18 15:05:19] [ INFO ] [PacienteDAOH2:82] El paciente se encontró, esta es su información:Paciente{ID=1, Nombre='Juan Pablo', Apellido='Perez', DNI=61274487, FechaIngreso=4040, Domicilio='Necochea'}
[2022-08-18 15:05:19] [ INFO ] [PacienteDAOH2:143] Borrando al paciente con id:3
[2022-08-18 15:05:19] [ INFO ] [PacienteDAOH2:153] El paciente se elimino correctamente
[2022-08-18 15:05:19] [ INFO ] [PacienteDAOH2:89] Buscando todos los pacientes
[2022-08-18 15:05:19] [ INFO ] [PacienteDAOH2:110] Se encotraron todos los pacientes: Juan Pablo
[2022-08-18 15:05:19] [ INFO ] [PacienteDAOH2:110] Se encotraron todos los pacientes: Juan Martin
[2022-08-18 15:05:19] [ INFO ] [PacienteDAOH2:31] Registrando un pedido de nuevoPaciente{ID=null, Nombre='Juan Pablo', Apellido='Perez', DNI=61274487, FechaIngreso=4040, Domicilio='Necochea'}
[2022-08-18 15:05:19] [ INFO ] [PacienteDAOH2:51] El paciente se registró con éxito:Paciente{ID=1, Nombre='Juan Pablo', Apellido='Perez', DNI=61274487, FechaIngreso=4040, Domicilio='Necochea'}
[2022-08-18 15:05:19] [ INFO ] [PacienteDAOH2:31] Registrando un pedido de nuevoPaciente{ID=null, Nombre='Juan Martin', Apellido='Perez', DNI=61274487, FechaIngreso=4040, Domicilio='Rada Tilly'}
[2022-08-18 15:05:19] [ INFO ] [PacienteDAOH2:51] El paciente se registró con éxito:Paciente{ID=2, Nombre='Juan Martin', Apellido='Perez', DNI=61274487, FechaIngreso=4040, Domicilio='Rada Tilly'}
[2022-08-18 15:05:19] [ INFO ] [PacienteDAOH2:31] Registrando un pedido de nuevoPaciente{ID=null, Nombre='Lionel', Apellido='Messi', DNI=61274487, FechaIngreso=4040, Domicilio='Rada Tilly'}
[2022-08-18 15:05:19] [ INFO ] [PacienteDAOH2:51] El paciente se registró con éxito:Paciente{ID=3, Nombre='Lionel', Apellido='Messi', DNI=61274487, FechaIngreso=4040, Domicilio='Rada Tilly'}
[2022-08-18 15:06:06] [ INFO ] [PacienteDAOH2:120] Se modifico la informacion del paciente con id:Paciente{ID=null, Nombre='Serafin', Apellido='Quesada', DNI=61274487, FechaIngreso=4040, Domicilio='Rada Tilly'}
[2022-08-18 15:06:06] [ INFO ] [PacienteDAOH2:136] Se ha modificado la informacion del paciente, su nueva información es:Paciente{ID=null, Nombre='Serafin', Apellido='Quesada', DNI=61274487, FechaIngreso=4040, Domicilio='Rada Tilly'}
[2022-08-18 15:06:06] [ INFO ] [PacienteDAOH2:57] Buscando al paciente con id:1
[2022-08-18 15:06:06] [ INFO ] [PacienteDAOH2:82] El paciente se encontró, esta es su información:Paciente{ID=1, Nombre='Juan Pablo', Apellido='Perez', DNI=61274487, FechaIngreso=4040, Domicilio='Necochea'}
[2022-08-18 15:06:06] [ INFO ] [PacienteDAOH2:143] Borrando al paciente con id:2
[2022-08-18 15:06:06] [ INFO ] [PacienteDAOH2:153] El paciente se elimino correctamente
[2022-08-18 15:06:06] [ INFO ] [PacienteDAOH2:89] Buscando todos los pacientes
[2022-08-18 15:06:06] [ INFO ] [PacienteDAOH2:110] Se encotraron todos los pacientes: Juan Pablo
[2022-08-18 15:06:06] [ INFO ] [PacienteDAOH2:110] Se encotraron todos los pacientes: Lionel
[2022-08-18 15:06:06] [ INFO ] [PacienteDAOH2:31] Registrando un pedido de nuevoPaciente{ID=null, Nombre='Juan Pablo', Apellido='Perez', DNI=61274487, FechaIngreso=4040, Domicilio='Necochea'}
[2022-08-18 15:06:06] [ INFO ] [PacienteDAOH2:51] El paciente se registró con éxito:Paciente{ID=1, Nombre='Juan Pablo', Apellido='Perez', DNI=61274487, FechaIngreso=4040, Domicilio='Necochea'}
[2022-08-18 15:06:06] [ INFO ] [PacienteDAOH2:31] Registrando un pedido de nuevoPaciente{ID=null, Nombre='Juan Martin', Apellido='Perez', DNI=61274487, FechaIngreso=4040, Domicilio='Rada Tilly'}
[2022-08-18 15:06:06] [ INFO ] [PacienteDAOH2:51] El paciente se registró con éxito:Paciente{ID=2, Nombre='Juan Martin', Apellido='Perez', DNI=61274487, FechaIngreso=4040, Domicilio='Rada Tilly'}
[2022-08-18 15:06:06] [ INFO ] [PacienteDAOH2:31] Registrando un pedido de nuevoPaciente{ID=null, Nombre='Lionel', Apellido='Messi', DNI=61274487, FechaIngreso=4040, Domicilio='Rada Tilly'}
[2022-08-18 15:06:06] [ INFO ] [PacienteDAOH2:51] El paciente se registró con éxito:Paciente{ID=3, Nombre='Lionel', Apellido='Messi', DNI=61274487, FechaIngreso=4040, Domicilio='Rada Tilly'}
[2022-08-18 15:07:23] [ INFO ] [PacienteDAOH2:120] Se modifico la informacion del paciente con id:Paciente{ID=null, Nombre='Serafin', Apellido='Quesada', DNI=61274487, FechaIngreso=4040, Domicilio='Rada Tilly'}
[2022-08-18 15:07:23] [ INFO ] [PacienteDAOH2:136] Se ha modificado la informacion del paciente, su nueva información es:Paciente{ID=null, Nombre='Serafin', Apellido='Quesada', DNI=61274487, FechaIngreso=4040, Domicilio='Rada Tilly'}
[2022-08-18 15:07:23] [ INFO ] [PacienteDAOH2:57] Buscando al paciente con id:1
[2022-08-18 15:07:23] [ INFO ] [PacienteDAOH2:82] El paciente se encontró, esta es su información:Paciente{ID=1, Nombre='Juan Pablo', Apellido='Perez', DNI=61274487, FechaIngreso=4040, Domicilio='Necochea'}
[2022-08-18 15:07:23] [ INFO ] [PacienteDAOH2:143] Borrando al paciente con id:2
[2022-08-18 15:07:23] [ INFO ] [PacienteDAOH2:153] El paciente se elimino correctamente
[2022-08-18 15:07:23] [ INFO ] [PacienteDAOH2:89] Buscando todos los pacientes
[2022-08-18 15:07:23] [ INFO ] [PacienteDAOH2:110] Se encotraron todos los pacientes: Juan Pablo
[2022-08-18 15:07:23] [ INFO ] [PacienteDAOH2:110] Se encotraron todos los pacientes: Lionel
[2022-08-18 15:07:23] [ INFO ] [PacienteDAOH2:31] Registrando un pedido de nuevoPaciente{ID=null, Nombre='Juan Pablo', Apellido='Perez', DNI=61274487, FechaIngreso=4040, Domicilio='Necochea'}
[2022-08-18 15:07:23] [ INFO ] [PacienteDAOH2:51] El paciente se registró con éxito:Paciente{ID=1, Nombre='Juan Pablo', Apellido='Perez', DNI=61274487, FechaIngreso=4040, Domicilio='Necochea'}
[2022-08-18 15:07:23] [ INFO ] [PacienteDAOH2:31] Registrando un pedido de nuevoPaciente{ID=null, Nombre='Juan Martin', Apellido='Perez', DNI=61274487, FechaIngreso=4040, Domicilio='Rada Tilly'}
[2022-08-18 15:07:23] [ INFO ] [PacienteDAOH2:51] El paciente se registró con éxito:Paciente{ID=2, Nombre='Juan Martin', Apellido='Perez', DNI=61274487, FechaIngreso=4040, Domicilio='Rada Tilly'}
[2022-08-18 15:07:23] [ INFO ] [PacienteDAOH2:31] Registrando un pedido de nuevoPaciente{ID=null, Nombre='Lionel', Apellido='Messi', DNI=61274487, FechaIngreso=4040, Domicilio='Rada Tilly'}
[2022-08-18 15:07:23] [ INFO ] [PacienteDAOH2:51] El paciente se registró con éxito:Paciente{ID=3, Nombre='Lionel', Apellido='Messi', DNI=61274487, FechaIngreso=4040, Domicilio='Rada Tilly'}
[2022-08-18 15:07:45] [ INFO ] [PacienteDAOH2:120] Se modifico la informacion del paciente con id:Paciente{ID=null, Nombre='Serafin', Apellido='Quesada', DNI=61274487, FechaIngreso=4040, Domicilio='Rada Tilly'}
[2022-08-18 15:07:45] [ INFO ] [PacienteDAOH2:136] Se ha modificado la informacion del paciente, su nueva información es:Paciente{ID=null, Nombre='Serafin', Apellido='Quesada', DNI=61274487, FechaIngreso=4040, Domicilio='Rada Tilly'}
[2022-08-18 15:07:45] [ INFO ] [PacienteDAOH2:57] Buscando al paciente con id:1
[2022-08-18 15:07:45] [ INFO ] [PacienteDAOH2:82] El paciente se encontró, esta es su información:Paciente{ID=1, Nombre='Juan Pablo', Apellido='Perez', DNI=61274487, FechaIngreso=4040, Domicilio='Necochea'}
[2022-08-18 15:07:45] [ INFO ] [PacienteDAOH2:143] Borrando al paciente con id:2
[2022-08-18 15:07:45] [ INFO ] [PacienteDAOH2:153] El paciente se elimino correctamente
[2022-08-18 15:07:45] [ INFO ] [PacienteDAOH2:89] Buscando todos los pacientes
[2022-08-18 15:07:45] [ INFO ] [PacienteDAOH2:110] Se encotraron todos los pacientes: Juan Pablo
[2022-08-18 15:07:45] [ INFO ] [PacienteDAOH2:110] Se encotraron todos los pacientes: Lionel
[2022-08-18 15:07:45] [ INFO ] [PacienteDAOH2:31] Registrando un pedido de nuevoPaciente{ID=null, Nombre='Juan Pablo', Apellido='Perez', DNI=61274487, FechaIngreso=4040, Domicilio='Necochea'}
[2022-08-18 15:07:45] [ INFO ] [PacienteDAOH2:51] El paciente se registró con éxito:Paciente{ID=1, Nombre='Juan Pablo', Apellido='Perez', DNI=61274487, FechaIngreso=4040, Domicilio='Necochea'}
[2022-08-18 15:07:45] [ INFO ] [PacienteDAOH2:31] Registrando un pedido de nuevoPaciente{ID=null, Nombre='Juan Martin', Apellido='Perez', DNI=61274487, FechaIngreso=4040, Domicilio='Rada Tilly'}
[2022-08-18 15:07:45] [ INFO ] [PacienteDAOH2:51] El paciente se registró con éxito:Paciente{ID=2, Nombre='Juan Martin', Apellido='Perez', DNI=61274487, FechaIngreso=4040, Domicilio='Rada Tilly'}
[2022-08-18 15:07:45] [ INFO ] [PacienteDAOH2:31] Registrando un pedido de nuevoPaciente{ID=null, Nombre='Lionel', Apellido='Messi', DNI=61274487, FechaIngreso=4040, Domicilio='Rada Tilly'}
[2022-08-18 15:07:45] [ INFO ] [PacienteDAOH2:51] El paciente se registró con éxito:Paciente{ID=3, Nombre='Lionel', Apellido='Messi', DNI=61274487, FechaIngreso=4040, Domicilio='Rada Tilly'}
[2022-08-18 15:08:08] [ INFO ] [PacienteDAOH2:120] Se modifico la informacion del paciente con id:Paciente{ID=null, Nombre='Serafin', Apellido='Quesada', DNI=61274487, FechaIngreso=4040, Domicilio='Rada Tilly'}
[2022-08-18 15:08:08] [ INFO ] [PacienteDAOH2:136] Se ha modificado la informacion del paciente, su nueva información es:Paciente{ID=null, Nombre='Serafin', Apellido='Quesada', DNI=61274487, FechaIngreso=4040, Domicilio='Rada Tilly'}
[2022-08-18 15:08:08] [ INFO ] [PacienteDAOH2:57] Buscando al paciente con id:1
[2022-08-18 15:08:08] [ INFO ] [PacienteDAOH2:82] El paciente se encontró, esta es su información:Paciente{ID=1, Nombre='Juan Pablo', Apellido='Perez', DNI=61274487, FechaIngreso=4040, Domicilio='Necochea'}
[2022-08-18 15:08:08] [ INFO ] [PacienteDAOH2:143] Borrando al paciente con id:2
[2022-08-18 15:08:08] [ INFO ] [PacienteDAOH2:153] El paciente se elimino correctamente
[2022-08-18 15:08:08] [ INFO ] [PacienteDAOH2:89] Buscando todos los pacientes
[2022-08-18 15:08:08] [ INFO ] [PacienteDAOH2:110] Se encotraron todos los pacientes: Juan Pablo
[2022-08-18 15:08:08] [ INFO ] [PacienteDAOH2:110] Se encotraron todos los pacientes: Lionel
[2022-08-18 15:08:08] [ INFO ] [PacienteDAOH2:31] Registrando un pedido de nuevoPaciente{ID=null, Nombre='Juan Pablo', Apellido='Perez', DNI=61274487, FechaIngreso=4040, Domicilio='Necochea'}
[2022-08-18 15:08:08] [ INFO ] [PacienteDAOH2:51] El paciente se registró con éxito:Paciente{ID=1, Nombre='Juan Pablo', Apellido='Perez', DNI=61274487, FechaIngreso=4040, Domicilio='Necochea'}
[2022-08-18 15:08:08] [ INFO ] [PacienteDAOH2:31] Registrando un pedido de nuevoPaciente{ID=null, Nombre='Juan Martin', Apellido='Perez', DNI=61274487, FechaIngreso=4040, Domicilio='Rada Tilly'}
[2022-08-18 15:08:08] [ INFO ] [PacienteDAOH2:51] El paciente se registró con éxito:Paciente{ID=2, Nombre='Juan Martin', Apellido='Perez', DNI=61274487, FechaIngreso=4040, Domicilio='Rada Tilly'}
[2022-08-18 15:08:08] [ INFO ] [PacienteDAOH2:31] Registrando un pedido de nuevoPaciente{ID=null, Nombre='Lionel', Apellido='Messi', DNI=61274487, FechaIngreso=4040, Domicilio='Rada Tilly'}
[2022-08-18 15:08:08] [ INFO ] [PacienteDAOH2:51] El paciente se registró con éxito:Paciente{ID=3, Nombre='Lionel', Apellido='Messi', DNI=61274487, FechaIngreso=4040, Domicilio='Rada Tilly'}
[2022-08-18 15:09:40] [ INFO ] [PacienteDAOH2:120] Se modifico la informacion del paciente con id:Paciente{ID=null, Nombre='Serafin', Apellido='Quesada', DNI=61274487, FechaIngreso=4040, Domicilio='Rada Tilly'}
[2022-08-18 15:09:40] [ INFO ] [PacienteDAOH2:136] Se ha modificado la informacion del paciente, su nueva información es:Paciente{ID=null, Nombre='Serafin', Apellido='Quesada', DNI=61274487, FechaIngreso=4040, Domicilio='Rada Tilly'}
[2022-08-18 15:09:40] [ INFO ] [PacienteDAOH2:57] Buscando al paciente con id:1
[2022-08-18 15:09:40] [ INFO ] [PacienteDAOH2:82] El paciente se encontró, esta es su información:Paciente{ID=1, Nombre='Juan Pablo', Apellido='Perez', DNI=61274487, FechaIngreso=4040, Domicilio='Necochea'}
[2022-08-18 15:09:40] [ INFO ] [PacienteDAOH2:143] Borrando al paciente con id:2
[2022-08-18 15:09:40] [ INFO ] [PacienteDAOH2:153] El paciente se elimino correctamente
[2022-08-18 15:09:40] [ INFO ] [PacienteDAOH2:89] Buscando todos los pacientes
[2022-08-18 15:09:40] [ INFO ] [PacienteDAOH2:110] Se encotraron todos los pacientes: Juan Pablo
[2022-08-18 15:09:40] [ INFO ] [PacienteDAOH2:110] Se encotraron todos los pacientes: Lionel
[2022-08-18 15:09:40] [ INFO ] [PacienteDAOH2:31] Registrando un pedido de nuevoPaciente{ID=null, Nombre='Juan Pablo', Apellido='Perez', DNI=61274487, FechaIngreso=4040, Domicilio='Necochea'}
[2022-08-18 15:09:40] [ INFO ] [PacienteDAOH2:51] El paciente se registró con éxito:Paciente{ID=1, Nombre='Juan Pablo', Apellido='Perez', DNI=61274487, FechaIngreso=4040, Domicilio='Necochea'}
[2022-08-18 15:09:40] [ INFO ] [PacienteDAOH2:31] Registrando un pedido de nuevoPaciente{ID=null, Nombre='Juan Martin', Apellido='Perez', DNI=61274487, FechaIngreso=4040, Domicilio='Rada Tilly'}
[2022-08-18 15:09:40] [ INFO ] [PacienteDAOH2:51] El paciente se registró con éxito:Paciente{ID=2, Nombre='Juan Martin', Apellido='Perez', DNI=61274487, FechaIngreso=4040, Domicilio='Rada Tilly'}
[2022-08-18 15:09:40] [ INFO ] [PacienteDAOH2:31] Registrando un pedido de nuevoPaciente{ID=null, Nombre='Lionel', Apellido='Messi', DNI=61274487, FechaIngreso=4040, Domicilio='Rada Tilly'}
[2022-08-18 15:09:40] [ INFO ] [PacienteDAOH2:51] El paciente se registró con éxito:Paciente{ID=3, Nombre='Lionel', Apellido='Messi', DNI=61274487, FechaIngreso=4040, Domicilio='Rada Tilly'}
